{"/home/ec2-user/.openclaw/workspace/sangokushi-web/src/store/battleStore.ts": {"path":"/home/ec2-user/.openclaw/workspace/sangokushi-web/src/store/battleStore.ts","statementMap":{"0":{"start":{"line":15,"column":26},"end":{"line":15,"column":null}},"1":{"start":{"line":16,"column":27},"end":{"line":16,"column":null}},"2":{"start":{"line":18,"column":20},"end":{"line":34,"column":null}},"3":{"start":{"line":19,"column":35},"end":{"line":19,"column":null}},"4":{"start":{"line":20,"column":2},"end":{"line":30,"column":null}},"5":{"start":{"line":20,"column":15},"end":{"line":20,"column":18}},"6":{"start":{"line":21,"column":4},"end":{"line":21,"column":null}},"7":{"start":{"line":22,"column":4},"end":{"line":29,"column":null}},"8":{"start":{"line":22,"column":17},"end":{"line":22,"column":20}},"9":{"start":{"line":24,"column":19},"end":{"line":24,"column":null}},"10":{"start":{"line":25,"column":6},"end":{"line":28,"column":null}},"11":{"start":{"line":25,"column":22},"end":{"line":25,"column":null}},"12":{"start":{"line":25,"column":38},"end":{"line":28,"column":null}},"13":{"start":{"line":26,"column":27},"end":{"line":26,"column":null}},"14":{"start":{"line":26,"column":43},"end":{"line":28,"column":null}},"15":{"start":{"line":27,"column":28},"end":{"line":27,"column":null}},"16":{"start":{"line":28,"column":11},"end":{"line":28,"column":null}},"17":{"start":{"line":32,"column":2},"end":{"line":32,"column":null}},"18":{"start":{"line":33,"column":2},"end":{"line":33,"column":null}},"19":{"start":{"line":36,"column":13},"end":{"line":205,"column":null}},"20":{"start":{"line":36,"column":81},"end":{"line":205,"column":2}},"21":{"start":{"line":51,"column":32},"end":{"line":51,"column":null}},"22":{"start":{"line":52,"column":18},"end":{"line":52,"column":null}},"23":{"start":{"line":53,"column":19},"end":{"line":53,"column":null}},"24":{"start":{"line":57,"column":4},"end":{"line":73,"column":null}},"25":{"start":{"line":58,"column":6},"end":{"line":72,"column":null}},"26":{"start":{"line":76,"column":4},"end":{"line":92,"column":null}},"27":{"start":{"line":77,"column":6},"end":{"line":91,"column":null}},"28":{"start":{"line":94,"column":4},"end":{"line":105,"column":null}},"29":{"start":{"line":108,"column":26},"end":{"line":108,"column":null}},"30":{"start":{"line":111,"column":18},"end":{"line":111,"column":null}},"31":{"start":{"line":112,"column":17},"end":{"line":112,"column":null}},"32":{"start":{"line":112,"column":39},"end":{"line":112,"column":54}},"33":{"start":{"line":113,"column":4},"end":{"line":113,"column":null}},"34":{"start":{"line":113,"column":15},"end":{"line":113,"column":null}},"35":{"start":{"line":115,"column":4},"end":{"line":121,"column":null}},"36":{"start":{"line":117,"column":8},"end":{"line":119,"column":null}},"37":{"start":{"line":125,"column":18},"end":{"line":125,"column":null}},"38":{"start":{"line":126,"column":21},"end":{"line":126,"column":null}},"39":{"start":{"line":126,"column":43},"end":{"line":126,"column":66}},"40":{"start":{"line":127,"column":19},"end":{"line":127,"column":null}},"41":{"start":{"line":127,"column":41},"end":{"line":127,"column":62}},"42":{"start":{"line":128,"column":4},"end":{"line":128,"column":null}},"43":{"start":{"line":128,"column":30},"end":{"line":128,"column":null}},"44":{"start":{"line":133,"column":26},"end":{"line":133,"column":null}},"45":{"start":{"line":134,"column":24},"end":{"line":134,"column":null}},"46":{"start":{"line":135,"column":27},"end":{"line":135,"column":null}},"47":{"start":{"line":136,"column":23},"end":{"line":136,"column":null}},"48":{"start":{"line":137,"column":19},"end":{"line":137,"column":null}},"49":{"start":{"line":140,"column":26},"end":{"line":140,"column":null}},"50":{"start":{"line":142,"column":21},"end":{"line":150,"column":null}},"51":{"start":{"line":143,"column":6},"end":{"line":145,"column":null}},"52":{"start":{"line":144,"column":8},"end":{"line":144,"column":null}},"53":{"start":{"line":146,"column":6},"end":{"line":148,"column":null}},"54":{"start":{"line":147,"column":8},"end":{"line":147,"column":null}},"55":{"start":{"line":149,"column":6},"end":{"line":149,"column":null}},"56":{"start":{"line":152,"column":4},"end":{"line":152,"column":null}},"57":{"start":{"line":153,"column":4},"end":{"line":153,"column":null}},"58":{"start":{"line":157,"column":18},"end":{"line":157,"column":null}},"59":{"start":{"line":158,"column":21},"end":{"line":160,"column":null}},"60":{"start":{"line":159,"column":6},"end":{"line":159,"column":null}},"61":{"start":{"line":163,"column":21},"end":{"line":163,"column":null}},"62":{"start":{"line":163,"column":40},"end":{"line":163,"column":61}},"63":{"start":{"line":165,"column":4},"end":{"line":171,"column":null}},"64":{"start":{"line":166,"column":6},"end":{"line":166,"column":null}},"65":{"start":{"line":169,"column":6},"end":{"line":169,"column":null}},"66":{"start":{"line":170,"column":6},"end":{"line":170,"column":null}},"67":{"start":{"line":175,"column":18},"end":{"line":175,"column":null}},"68":{"start":{"line":176,"column":19},"end":{"line":176,"column":null}},"69":{"start":{"line":177,"column":4},"end":{"line":180,"column":null}},"70":{"start":{"line":178,"column":6},"end":{"line":178,"column":null}},"71":{"start":{"line":179,"column":6},"end":{"line":179,"column":null}},"72":{"start":{"line":182,"column":23},"end":{"line":185,"column":null}},"73":{"start":{"line":182,"column":45},"end":{"line":185,"column":6}},"74":{"start":{"line":187,"column":4},"end":{"line":191,"column":null}},"75":{"start":{"line":190,"column":41},"end":{"line":190,"column":62}},"76":{"start":{"line":195,"column":18},"end":{"line":195,"column":null}},"77":{"start":{"line":196,"column":22},"end":{"line":196,"column":null}},"78":{"start":{"line":196,"column":46},"end":{"line":196,"column":94}},"79":{"start":{"line":197,"column":22},"end":{"line":197,"column":null}},"80":{"start":{"line":197,"column":46},"end":{"line":197,"column":94}},"81":{"start":{"line":199,"column":4},"end":{"line":203,"column":null}},"82":{"start":{"line":200,"column":6},"end":{"line":200,"column":null}},"83":{"start":{"line":201,"column":4},"end":{"line":203,"column":null}},"84":{"start":{"line":202,"column":6},"end":{"line":202,"column":null}}},"fnMap":{"0":{"name":"(anonymous_0)","decl":{"start":{"line":18,"column":20},"end":{"line":18,"column":21}},"loc":{"start":{"line":18,"column":66},"end":{"line":34,"column":null}},"line":18},"1":{"name":"(anonymous_1)","decl":{"start":{"line":36,"column":66},"end":{"line":36,"column":67}},"loc":{"start":{"line":36,"column":81},"end":{"line":205,"column":2}},"line":36},"2":{"name":"(anonymous_2)","decl":{"start":{"line":50,"column":14},"end":{"line":50,"column":15}},"loc":{"start":{"line":50,"column":136},"end":{"line":106,"column":null}},"line":50},"3":{"name":"(anonymous_3)","decl":{"start":{"line":57,"column":29},"end":{"line":57,"column":30}},"loc":{"start":{"line":57,"column":41},"end":{"line":73,"column":5}},"line":57},"4":{"name":"(anonymous_4)","decl":{"start":{"line":76,"column":29},"end":{"line":76,"column":30}},"loc":{"start":{"line":76,"column":41},"end":{"line":92,"column":5}},"line":76},"5":{"name":"(anonymous_5)","decl":{"start":{"line":108,"column":14},"end":{"line":108,"column":15}},"loc":{"start":{"line":108,"column":26},"end":{"line":108,"column":null}},"line":108},"6":{"name":"(anonymous_6)","decl":{"start":{"line":110,"column":12},"end":{"line":110,"column":13}},"loc":{"start":{"line":110,"column":30},"end":{"line":122,"column":null}},"line":110},"7":{"name":"(anonymous_7)","decl":{"start":{"line":112,"column":34},"end":{"line":112,"column":39}},"loc":{"start":{"line":112,"column":39},"end":{"line":112,"column":54}},"line":112},"8":{"name":"(anonymous_8)","decl":{"start":{"line":116,"column":29},"end":{"line":116,"column":null}},"loc":{"start":{"line":117,"column":8},"end":{"line":119,"column":null}},"line":117},"9":{"name":"(anonymous_9)","decl":{"start":{"line":124,"column":14},"end":{"line":124,"column":15}},"loc":{"start":{"line":124,"column":71},"end":{"line":154,"column":null}},"line":124},"10":{"name":"(anonymous_10)","decl":{"start":{"line":126,"column":38},"end":{"line":126,"column":43}},"loc":{"start":{"line":126,"column":43},"end":{"line":126,"column":66}},"line":126},"11":{"name":"(anonymous_11)","decl":{"start":{"line":127,"column":36},"end":{"line":127,"column":41}},"loc":{"start":{"line":127,"column":41},"end":{"line":127,"column":62}},"line":127},"12":{"name":"(anonymous_12)","decl":{"start":{"line":142,"column":37},"end":{"line":142,"column":42}},"loc":{"start":{"line":142,"column":42},"end":{"line":150,"column":5}},"line":142},"13":{"name":"(anonymous_13)","decl":{"start":{"line":156,"column":15},"end":{"line":156,"column":16}},"loc":{"start":{"line":156,"column":27},"end":{"line":172,"column":null}},"line":156},"14":{"name":"(anonymous_14)","decl":{"start":{"line":158,"column":37},"end":{"line":158,"column":null}},"loc":{"start":{"line":159,"column":6},"end":{"line":159,"column":null}},"line":159},"15":{"name":"(anonymous_15)","decl":{"start":{"line":163,"column":35},"end":{"line":163,"column":40}},"loc":{"start":{"line":163,"column":40},"end":{"line":163,"column":61}},"line":163},"16":{"name":"(anonymous_16)","decl":{"start":{"line":174,"column":11},"end":{"line":174,"column":17}},"loc":{"start":{"line":174,"column":17},"end":{"line":192,"column":null}},"line":174},"17":{"name":"(anonymous_17)","decl":{"start":{"line":182,"column":39},"end":{"line":182,"column":45}},"loc":{"start":{"line":182,"column":45},"end":{"line":185,"column":6}},"line":182},"18":{"name":"(anonymous_18)","decl":{"start":{"line":190,"column":36},"end":{"line":190,"column":41}},"loc":{"start":{"line":190,"column":41},"end":{"line":190,"column":62}},"line":190},"19":{"name":"(anonymous_19)","decl":{"start":{"line":194,"column":18},"end":{"line":194,"column":24}},"loc":{"start":{"line":194,"column":24},"end":{"line":204,"column":null}},"line":194},"20":{"name":"(anonymous_20)","decl":{"start":{"line":196,"column":41},"end":{"line":196,"column":46}},"loc":{"start":{"line":196,"column":46},"end":{"line":196,"column":94}},"line":196},"21":{"name":"(anonymous_21)","decl":{"start":{"line":197,"column":41},"end":{"line":197,"column":46}},"loc":{"start":{"line":197,"column":46},"end":{"line":197,"column":94}},"line":197}},"branchMap":{"0":{"loc":{"start":{"line":25,"column":6},"end":{"line":28,"column":null}},"type":"if","locations":[{"start":{"line":25,"column":6},"end":{"line":28,"column":null}},{"start":{"line":25,"column":38},"end":{"line":28,"column":null}}],"line":25},"1":{"loc":{"start":{"line":25,"column":38},"end":{"line":28,"column":null}},"type":"if","locations":[{"start":{"line":25,"column":38},"end":{"line":28,"column":null}},{"start":{"line":26,"column":43},"end":{"line":28,"column":null}}],"line":25},"2":{"loc":{"start":{"line":26,"column":43},"end":{"line":28,"column":null}},"type":"if","locations":[{"start":{"line":26,"column":43},"end":{"line":28,"column":null}},{"start":{"line":28,"column":11},"end":{"line":28,"column":null}}],"line":26},"3":{"loc":{"start":{"line":50,"column":91},"end":{"line":50,"column":112}},"type":"default-arg","locations":[{"start":{"line":50,"column":108},"end":{"line":50,"column":112}}],"line":50},"4":{"loc":{"start":{"line":50,"column":112},"end":{"line":50,"column":136}},"type":"default-arg","locations":[{"start":{"line":50,"column":129},"end":{"line":50,"column":136}}],"line":50},"5":{"loc":{"start":{"line":103,"column":20},"end":{"line":103,"column":null}},"type":"binary-expr","locations":[{"start":{"line":103,"column":20},"end":{"line":103,"column":36}},{"start":{"line":103,"column":36},"end":{"line":103,"column":null}}],"line":103},"6":{"loc":{"start":{"line":113,"column":4},"end":{"line":113,"column":null}},"type":"if","locations":[{"start":{"line":113,"column":4},"end":{"line":113,"column":null}},{"start":{},"end":{}}],"line":113},"7":{"loc":{"start":{"line":117,"column":8},"end":{"line":119,"column":null}},"type":"cond-expr","locations":[{"start":{"line":118,"column":12},"end":{"line":118,"column":null}},{"start":{"line":119,"column":12},"end":{"line":119,"column":null}}],"line":117},"8":{"loc":{"start":{"line":124,"column":45},"end":{"line":124,"column":71}},"type":"default-arg","locations":[{"start":{"line":124,"column":64},"end":{"line":124,"column":71}}],"line":124},"9":{"loc":{"start":{"line":128,"column":4},"end":{"line":128,"column":null}},"type":"if","locations":[{"start":{"line":128,"column":4},"end":{"line":128,"column":null}},{"start":{},"end":{}}],"line":128},"10":{"loc":{"start":{"line":128,"column":8},"end":{"line":128,"column":30}},"type":"binary-expr","locations":[{"start":{"line":128,"column":8},"end":{"line":128,"column":21}},{"start":{"line":128,"column":21},"end":{"line":128,"column":30}}],"line":128},"11":{"loc":{"start":{"line":143,"column":6},"end":{"line":145,"column":null}},"type":"if","locations":[{"start":{"line":143,"column":6},"end":{"line":145,"column":null}},{"start":{},"end":{}}],"line":143},"12":{"loc":{"start":{"line":146,"column":6},"end":{"line":148,"column":null}},"type":"if","locations":[{"start":{"line":146,"column":6},"end":{"line":148,"column":null}},{"start":{},"end":{}}],"line":146},"13":{"loc":{"start":{"line":159,"column":6},"end":{"line":159,"column":null}},"type":"cond-expr","locations":[{"start":{"line":159,"column":24},"end":{"line":159,"column":60}},{"start":{"line":159,"column":60},"end":{"line":159,"column":null}}],"line":159},"14":{"loc":{"start":{"line":165,"column":4},"end":{"line":171,"column":null}},"type":"if","locations":[{"start":{"line":165,"column":4},"end":{"line":171,"column":null}},{"start":{"line":167,"column":11},"end":{"line":171,"column":null}}],"line":165},"15":{"loc":{"start":{"line":177,"column":4},"end":{"line":180,"column":null}},"type":"if","locations":[{"start":{"line":177,"column":4},"end":{"line":180,"column":null}},{"start":{},"end":{}}],"line":177},"16":{"loc":{"start":{"line":184,"column":14},"end":{"line":184,"column":null}},"type":"cond-expr","locations":[{"start":{"line":184,"column":30},"end":{"line":184,"column":52}},{"start":{"line":184,"column":52},"end":{"line":184,"column":null}}],"line":184},"17":{"loc":{"start":{"line":190,"column":20},"end":{"line":190,"column":null}},"type":"binary-expr","locations":[{"start":{"line":190,"column":20},"end":{"line":190,"column":71}},{"start":{"line":190,"column":71},"end":{"line":190,"column":null}}],"line":190},"18":{"loc":{"start":{"line":196,"column":46},"end":{"line":196,"column":94}},"type":"binary-expr","locations":[{"start":{"line":196,"column":46},"end":{"line":196,"column":82}},{"start":{"line":196,"column":82},"end":{"line":196,"column":94}}],"line":196},"19":{"loc":{"start":{"line":197,"column":46},"end":{"line":197,"column":94}},"type":"binary-expr","locations":[{"start":{"line":197,"column":46},"end":{"line":197,"column":82}},{"start":{"line":197,"column":82},"end":{"line":197,"column":94}}],"line":197},"20":{"loc":{"start":{"line":199,"column":4},"end":{"line":203,"column":null}},"type":"if","locations":[{"start":{"line":199,"column":4},"end":{"line":203,"column":null}},{"start":{"line":201,"column":4},"end":{"line":203,"column":null}}],"line":199},"21":{"loc":{"start":{"line":201,"column":4},"end":{"line":203,"column":null}},"type":"if","locations":[{"start":{"line":201,"column":4},"end":{"line":203,"column":null}},{"start":{},"end":{}}],"line":201}},"s":{"0":2,"1":2,"2":2,"3":9,"4":9,"5":9,"6":135,"7":135,"8":135,"9":2025,"10":2025,"11":207,"12":1818,"13":195,"14":1623,"15":94,"16":1529,"17":9,"18":9,"19":2,"20":2,"21":7,"22":7,"23":7,"24":7,"25":7,"26":7,"27":7,"28":7,"29":0,"30":1,"31":1,"32":1,"33":1,"34":0,"35":1,"36":2,"37":2,"38":2,"39":2,"40":2,"41":4,"42":2,"43":0,"44":2,"45":2,"46":2,"47":2,"48":2,"49":2,"50":2,"51":4,"52":2,"53":2,"54":2,"55":0,"56":2,"57":2,"58":2,"59":2,"60":4,"61":2,"62":4,"63":2,"64":1,"65":1,"66":1,"67":1,"68":1,"69":1,"70":0,"71":0,"72":1,"73":2,"74":1,"75":1,"76":3,"77":3,"78":6,"79":3,"80":6,"81":3,"82":0,"83":3,"84":1},"f":{"0":9,"1":2,"2":7,"3":7,"4":7,"5":0,"6":1,"7":1,"8":2,"9":2,"10":2,"11":4,"12":4,"13":2,"14":4,"15":4,"16":1,"17":2,"18":1,"19":3,"20":6,"21":6},"b":{"0":[207,1818],"1":[195,1623],"2":[94,1529],"3":[7],"4":[7],"5":[7,0],"6":[0,1],"7":[1,1],"8":[2],"9":[0,2],"10":[2,2],"11":[2,2],"12":[2,0],"13":[2,2],"14":[1,1],"15":[0,1],"16":[2,0],"17":[1,0],"18":[6,3],"19":[6,3],"20":[0,3],"21":[1,2]},"meta":{"lastBranch":22,"lastFunction":22,"lastStatement":85,"seen":{"s:15:26:15:Infinity":0,"s:16:27:16:Infinity":1,"s:18:20:34:Infinity":2,"f:18:20:18:21":0,"s:19:35:19:Infinity":3,"s:20:2:30:Infinity":4,"s:20:15:20:18":5,"s:21:4:21:Infinity":6,"s:22:4:29:Infinity":7,"s:22:17:22:20":8,"s:24:19:24:Infinity":9,"b:25:6:28:Infinity:25:38:28:Infinity":0,"s:25:6:28:Infinity":10,"s:25:22:25:Infinity":11,"b:25:38:28:Infinity:26:43:28:Infinity":1,"s:25:38:28:Infinity":12,"s:26:27:26:Infinity":13,"b:26:43:28:Infinity:28:11:28:Infinity":2,"s:26:43:28:Infinity":14,"s:27:28:27:Infinity":15,"s:28:11:28:Infinity":16,"s:32:2:32:Infinity":17,"s:33:2:33:Infinity":18,"s:36:13:205:Infinity":19,"f:36:66:36:67":1,"s:36:81:205:2":20,"f:50:14:50:15":2,"b:50:108:50:112":3,"b:50:129:50:136":4,"s:51:32:51:Infinity":21,"s:52:18:52:Infinity":22,"s:53:19:53:Infinity":23,"s:57:4:73:Infinity":24,"f:57:29:57:30":3,"s:58:6:72:Infinity":25,"s:76:4:92:Infinity":26,"f:76:29:76:30":4,"s:77:6:91:Infinity":27,"s:94:4:105:Infinity":28,"b:103:20:103:36:103:36:103:Infinity":5,"f:108:14:108:15":5,"s:108:26:108:Infinity":29,"f:110:12:110:13":6,"s:111:18:111:Infinity":30,"s:112:17:112:Infinity":31,"f:112:34:112:39":7,"s:112:39:112:54":32,"b:113:4:113:Infinity:undefined:undefined:undefined:undefined":6,"s:113:4:113:Infinity":33,"s:113:15:113:Infinity":34,"s:115:4:121:Infinity":35,"f:116:29:116:Infinity":8,"s:117:8:119:Infinity":36,"b:118:12:118:Infinity:119:12:119:Infinity":7,"f:124:14:124:15":9,"b:124:64:124:71":8,"s:125:18:125:Infinity":37,"s:126:21:126:Infinity":38,"f:126:38:126:43":10,"s:126:43:126:66":39,"s:127:19:127:Infinity":40,"f:127:36:127:41":11,"s:127:41:127:62":41,"b:128:4:128:Infinity:undefined:undefined:undefined:undefined":9,"s:128:4:128:Infinity":42,"b:128:8:128:21:128:21:128:30":10,"s:128:30:128:Infinity":43,"s:133:26:133:Infinity":44,"s:134:24:134:Infinity":45,"s:135:27:135:Infinity":46,"s:136:23:136:Infinity":47,"s:137:19:137:Infinity":48,"s:140:26:140:Infinity":49,"s:142:21:150:Infinity":50,"f:142:37:142:42":12,"b:143:6:145:Infinity:undefined:undefined:undefined:undefined":11,"s:143:6:145:Infinity":51,"s:144:8:144:Infinity":52,"b:146:6:148:Infinity:undefined:undefined:undefined:undefined":12,"s:146:6:148:Infinity":53,"s:147:8:147:Infinity":54,"s:149:6:149:Infinity":55,"s:152:4:152:Infinity":56,"s:153:4:153:Infinity":57,"f:156:15:156:16":13,"s:157:18:157:Infinity":58,"s:158:21:160:Infinity":59,"f:158:37:158:Infinity":14,"s:159:6:159:Infinity":60,"b:159:24:159:60:159:60:159:Infinity":13,"s:163:21:163:Infinity":61,"f:163:35:163:40":15,"s:163:40:163:61":62,"b:165:4:171:Infinity:167:11:171:Infinity":14,"s:165:4:171:Infinity":63,"s:166:6:166:Infinity":64,"s:169:6:169:Infinity":65,"s:170:6:170:Infinity":66,"f:174:11:174:17":16,"s:175:18:175:Infinity":67,"s:176:19:176:Infinity":68,"b:177:4:180:Infinity:undefined:undefined:undefined:undefined":15,"s:177:4:180:Infinity":69,"s:178:6:178:Infinity":70,"s:179:6:179:Infinity":71,"s:182:23:185:Infinity":72,"f:182:39:182:45":17,"s:182:45:185:6":73,"b:184:30:184:52:184:52:184:Infinity":16,"s:187:4:191:Infinity":74,"b:190:20:190:71:190:71:190:Infinity":17,"f:190:36:190:41":18,"s:190:41:190:62":75,"f:194:18:194:24":19,"s:195:18:195:Infinity":76,"s:196:22:196:Infinity":77,"f:196:41:196:46":20,"s:196:46:196:94":78,"b:196:46:196:82:196:82:196:94":18,"s:197:22:197:Infinity":79,"f:197:41:197:46":21,"s:197:46:197:94":80,"b:197:46:197:82:197:82:197:94":19,"b:199:4:203:Infinity:201:4:203:Infinity":20,"s:199:4:203:Infinity":81,"s:200:6:200:Infinity":82,"b:201:4:203:Infinity:undefined:undefined:undefined:undefined":21,"s:201:4:203:Infinity":83,"s:202:6:202:Infinity":84}}}
,"/home/ec2-user/.openclaw/workspace/sangokushi-web/src/utils/hex.ts": {"path":"/home/ec2-user/.openclaw/workspace/sangokushi-web/src/utils/hex.ts","statementMap":{"0":{"start":{"line":13,"column":2},"end":{"line":17,"column":null}},"1":{"start":{"line":21,"column":2},"end":{"line":24,"column":null}},"2":{"start":{"line":28,"column":13},"end":{"line":28,"column":null}},"3":{"start":{"line":29,"column":13},"end":{"line":29,"column":null}},"4":{"start":{"line":30,"column":2},"end":{"line":30,"column":null}},"5":{"start":{"line":33,"column":37},"end":{"line":36,"column":null}},"6":{"start":{"line":39,"column":14},"end":{"line":39,"column":null}},"7":{"start":{"line":40,"column":2},"end":{"line":43,"column":null}},"8":{"start":{"line":47,"column":2},"end":{"line":50,"column":null}},"9":{"start":{"line":47,"column":36},"end":{"line":50,"column":4}},"10":{"start":{"line":55,"column":12},"end":{"line":55,"column":null}},"11":{"start":{"line":56,"column":12},"end":{"line":56,"column":null}},"12":{"start":{"line":57,"column":2},"end":{"line":57,"column":null}},"13":{"start":{"line":62,"column":13},"end":{"line":62,"column":null}},"14":{"start":{"line":63,"column":8},"end":{"line":63,"column":null}},"15":{"start":{"line":64,"column":2},"end":{"line":64,"column":null}},"16":{"start":{"line":68,"column":22},"end":{"line":68,"column":null}},"17":{"start":{"line":69,"column":11},"end":{"line":69,"column":null}},"18":{"start":{"line":70,"column":11},"end":{"line":70,"column":null}},"19":{"start":{"line":71,"column":11},"end":{"line":71,"column":null}},"20":{"start":{"line":73,"column":17},"end":{"line":73,"column":null}},"21":{"start":{"line":74,"column":17},"end":{"line":74,"column":null}},"22":{"start":{"line":75,"column":17},"end":{"line":75,"column":null}},"23":{"start":{"line":77,"column":2},"end":{"line":83,"column":null}},"24":{"start":{"line":78,"column":4},"end":{"line":78,"column":null}},"25":{"start":{"line":79,"column":2},"end":{"line":83,"column":null}},"26":{"start":{"line":80,"column":4},"end":{"line":80,"column":null}},"27":{"start":{"line":82,"column":4},"end":{"line":82,"column":null}},"28":{"start":{"line":85,"column":2},"end":{"line":85,"column":null}}},"fnMap":{"0":{"name":"axialToCube","decl":{"start":{"line":12,"column":16},"end":{"line":12,"column":28}},"loc":{"start":{"line":12,"column":44},"end":{"line":18,"column":null}},"line":12},"1":{"name":"cubeToAxial","decl":{"start":{"line":20,"column":16},"end":{"line":20,"column":28}},"loc":{"start":{"line":20,"column":45},"end":{"line":25,"column":null}},"line":20},"2":{"name":"getDistance","decl":{"start":{"line":27,"column":16},"end":{"line":27,"column":28}},"loc":{"start":{"line":27,"column":52},"end":{"line":31,"column":null}},"line":27},"3":{"name":"getNeighbor","decl":{"start":{"line":38,"column":16},"end":{"line":38,"column":28}},"loc":{"start":{"line":38,"column":62},"end":{"line":44,"column":null}},"line":38},"4":{"name":"getNeighbors","decl":{"start":{"line":46,"column":16},"end":{"line":46,"column":29}},"loc":{"start":{"line":46,"column":46},"end":{"line":51,"column":null}},"line":46},"5":{"name":"(anonymous_5)","decl":{"start":{"line":47,"column":28},"end":{"line":47,"column":36}},"loc":{"start":{"line":47,"column":36},"end":{"line":50,"column":4}},"line":47},"6":{"name":"hexToPixel","decl":{"start":{"line":54,"column":16},"end":{"line":54,"column":27}},"loc":{"start":{"line":54,"column":77},"end":{"line":58,"column":null}},"line":54},"7":{"name":"pixelToHex","decl":{"start":{"line":61,"column":16},"end":{"line":61,"column":27}},"loc":{"start":{"line":61,"column":68},"end":{"line":65,"column":null}},"line":61},"8":{"name":"roundHex","decl":{"start":{"line":67,"column":9},"end":{"line":67,"column":18}},"loc":{"start":{"line":67,"column":33},"end":{"line":86,"column":null}},"line":67}},"branchMap":{"0":{"loc":{"start":{"line":77,"column":2},"end":{"line":83,"column":null}},"type":"if","locations":[{"start":{"line":77,"column":2},"end":{"line":83,"column":null}},{"start":{"line":79,"column":2},"end":{"line":83,"column":null}}],"line":77},"1":{"loc":{"start":{"line":77,"column":6},"end":{"line":77,"column":42}},"type":"binary-expr","locations":[{"start":{"line":77,"column":6},"end":{"line":77,"column":25}},{"start":{"line":77,"column":25},"end":{"line":77,"column":42}}],"line":77},"2":{"loc":{"start":{"line":79,"column":2},"end":{"line":83,"column":null}},"type":"if","locations":[{"start":{"line":79,"column":2},"end":{"line":83,"column":null}},{"start":{"line":81,"column":9},"end":{"line":83,"column":null}}],"line":79}},"s":{"0":93,"1":3,"2":45,"3":45,"4":45,"5":2,"6":1,"7":1,"8":32,"9":192,"10":2,"11":2,"12":2,"13":2,"14":2,"15":2,"16":2,"17":2,"18":2,"19":2,"20":2,"21":2,"22":2,"23":2,"24":0,"25":2,"26":0,"27":2,"28":2},"f":{"0":93,"1":3,"2":45,"3":1,"4":32,"5":192,"6":2,"7":2,"8":2},"b":{"0":[0,2],"1":[2,1],"2":[0,2]},"meta":{"lastBranch":3,"lastFunction":9,"lastStatement":29,"seen":{"f:12:16:12:28":0,"s:13:2:17:Infinity":0,"f:20:16:20:28":1,"s:21:2:24:Infinity":1,"f:27:16:27:28":2,"s:28:13:28:Infinity":2,"s:29:13:29:Infinity":3,"s:30:2:30:Infinity":4,"s:33:37:36:Infinity":5,"f:38:16:38:28":3,"s:39:14:39:Infinity":6,"s:40:2:43:Infinity":7,"f:46:16:46:29":4,"s:47:2:50:Infinity":8,"f:47:28:47:36":5,"s:47:36:50:4":9,"f:54:16:54:27":6,"s:55:12:55:Infinity":10,"s:56:12:56:Infinity":11,"s:57:2:57:Infinity":12,"f:61:16:61:27":7,"s:62:13:62:Infinity":13,"s:63:8:63:Infinity":14,"s:64:2:64:Infinity":15,"f:67:9:67:18":8,"s:68:22:68:Infinity":16,"s:69:11:69:Infinity":17,"s:70:11:70:Infinity":18,"s:71:11:71:Infinity":19,"s:73:17:73:Infinity":20,"s:74:17:74:Infinity":21,"s:75:17:75:Infinity":22,"b:77:2:83:Infinity:79:2:83:Infinity":0,"s:77:2:83:Infinity":23,"b:77:6:77:25:77:25:77:42":1,"s:78:4:78:Infinity":24,"b:79:2:83:Infinity:81:9:83:Infinity":2,"s:79:2:83:Infinity":25,"s:80:4:80:Infinity":26,"s:82:4:82:Infinity":27,"s:85:2:85:Infinity":28}}}
,"/home/ec2-user/.openclaw/workspace/sangokushi-web/src/utils/officers.ts": {"path":"/home/ec2-user/.openclaw/workspace/sangokushi-web/src/utils/officers.ts","statementMap":{"0":{"start":{"line":17,"column":15},"end":{"line":23,"column":null}},"1":{"start":{"line":25,"column":2},"end":{"line":25,"column":null}},"2":{"start":{"line":25,"column":35},"end":{"line":25,"column":null}},"3":{"start":{"line":27,"column":19},"end":{"line":27,"column":null}},"4":{"start":{"line":27,"column":39},"end":{"line":27,"column":66}},"5":{"start":{"line":28,"column":2},"end":{"line":28,"column":null}},"6":{"start":{"line":28,"column":17},"end":{"line":28,"column":null}},"7":{"start":{"line":30,"column":2},"end":{"line":36,"column":null}},"8":{"start":{"line":41,"column":2},"end":{"line":41,"column":null}},"9":{"start":{"line":41,"column":35},"end":{"line":41,"column":null}},"10":{"start":{"line":42,"column":2},"end":{"line":42,"column":null}},"11":{"start":{"line":42,"column":29},"end":{"line":42,"column":56}},"12":{"start":{"line":47,"column":2},"end":{"line":47,"column":null}},"13":{"start":{"line":52,"column":2},"end":{"line":52,"column":null}},"14":{"start":{"line":57,"column":16},"end":{"line":57,"column":null}},"15":{"start":{"line":58,"column":2},"end":{"line":58,"column":null}},"16":{"start":{"line":63,"column":16},"end":{"line":63,"column":null}},"17":{"start":{"line":64,"column":2},"end":{"line":64,"column":null}},"18":{"start":{"line":69,"column":16},"end":{"line":69,"column":null}},"19":{"start":{"line":70,"column":2},"end":{"line":70,"column":null}}},"fnMap":{"0":{"name":"getEffectiveStats","decl":{"start":{"line":10,"column":16},"end":{"line":10,"column":34}},"loc":{"start":{"line":16,"column":2},"end":{"line":37,"column":null}},"line":16},"1":{"name":"(anonymous_1)","decl":{"start":{"line":27,"column":34},"end":{"line":27,"column":39}},"loc":{"start":{"line":27,"column":39},"end":{"line":27,"column":66}},"line":27},"2":{"name":"getOfficerTreasure","decl":{"start":{"line":40,"column":16},"end":{"line":40,"column":35}},"loc":{"start":{"line":40,"column":75},"end":{"line":43,"column":null}},"line":40},"3":{"name":"(anonymous_3)","decl":{"start":{"line":42,"column":24},"end":{"line":42,"column":29}},"loc":{"start":{"line":42,"column":29},"end":{"line":42,"column":56}},"line":42},"4":{"name":"getOfficerAge","decl":{"start":{"line":46,"column":16},"end":{"line":46,"column":30}},"loc":{"start":{"line":46,"column":77},"end":{"line":48,"column":null}},"line":46},"5":{"name":"isOfficerAlive","decl":{"start":{"line":51,"column":16},"end":{"line":51,"column":31}},"loc":{"start":{"line":51,"column":79},"end":{"line":53,"column":null}},"line":51},"6":{"name":"getTotalStats","decl":{"start":{"line":56,"column":16},"end":{"line":56,"column":30}},"loc":{"start":{"line":56,"column":56},"end":{"line":59,"column":null}},"line":56},"7":{"name":"getCombatStats","decl":{"start":{"line":62,"column":16},"end":{"line":62,"column":31}},"loc":{"start":{"line":62,"column":57},"end":{"line":65,"column":null}},"line":62},"8":{"name":"getMentalStats","decl":{"start":{"line":68,"column":16},"end":{"line":68,"column":31}},"loc":{"start":{"line":68,"column":57},"end":{"line":71,"column":null}},"line":68}},"branchMap":{"0":{"loc":{"start":{"line":25,"column":2},"end":{"line":25,"column":null}},"type":"if","locations":[{"start":{"line":25,"column":2},"end":{"line":25,"column":null}},{"start":{},"end":{}}],"line":25},"1":{"loc":{"start":{"line":28,"column":2},"end":{"line":28,"column":null}},"type":"if","locations":[{"start":{"line":28,"column":2},"end":{"line":28,"column":null}},{"start":{},"end":{}}],"line":28},"2":{"loc":{"start":{"line":31,"column":49},"end":{"line":31,"column":86}},"type":"binary-expr","locations":[{"start":{"line":31,"column":49},"end":{"line":31,"column":84}},{"start":{"line":31,"column":84},"end":{"line":31,"column":86}}],"line":31},"3":{"loc":{"start":{"line":32,"column":35},"end":{"line":32,"column":65}},"type":"binary-expr","locations":[{"start":{"line":32,"column":35},"end":{"line":32,"column":63}},{"start":{"line":32,"column":63},"end":{"line":32,"column":65}}],"line":32},"4":{"loc":{"start":{"line":33,"column":53},"end":{"line":33,"column":92}},"type":"binary-expr","locations":[{"start":{"line":33,"column":53},"end":{"line":33,"column":90}},{"start":{"line":33,"column":90},"end":{"line":33,"column":92}}],"line":33},"5":{"loc":{"start":{"line":34,"column":45},"end":{"line":34,"column":80}},"type":"binary-expr","locations":[{"start":{"line":34,"column":45},"end":{"line":34,"column":78}},{"start":{"line":34,"column":78},"end":{"line":34,"column":80}}],"line":34},"6":{"loc":{"start":{"line":35,"column":45},"end":{"line":35,"column":80}},"type":"binary-expr","locations":[{"start":{"line":35,"column":45},"end":{"line":35,"column":78}},{"start":{"line":35,"column":78},"end":{"line":35,"column":80}}],"line":35},"7":{"loc":{"start":{"line":41,"column":2},"end":{"line":41,"column":null}},"type":"if","locations":[{"start":{"line":41,"column":2},"end":{"line":41,"column":null}},{"start":{},"end":{}}],"line":41},"8":{"loc":{"start":{"line":52,"column":9},"end":{"line":52,"column":null}},"type":"binary-expr","locations":[{"start":{"line":52,"column":9},"end":{"line":52,"column":45}},{"start":{"line":52,"column":45},"end":{"line":52,"column":null}}],"line":52}},"s":{"0":15,"1":15,"2":4,"3":11,"4":90,"5":11,"6":1,"7":10,"8":3,"9":1,"10":2,"11":25,"12":4,"13":7,"14":2,"15":2,"16":2,"17":2,"18":2,"19":2},"f":{"0":15,"1":90,"2":3,"3":25,"4":4,"5":7,"6":2,"7":2,"8":2},"b":{"0":[4,11],"1":[1,10],"2":[10,9],"3":[15,6],"4":[15,6],"5":[15,5],"6":[15,9],"7":[1,2],"8":[7,5]},"meta":{"lastBranch":9,"lastFunction":9,"lastStatement":20,"seen":{"f:10:16:10:34":0,"s:17:15:23:Infinity":0,"b:25:2:25:Infinity:undefined:undefined:undefined:undefined":0,"s:25:2:25:Infinity":1,"s:25:35:25:Infinity":2,"s:27:19:27:Infinity":3,"f:27:34:27:39":1,"s:27:39:27:66":4,"b:28:2:28:Infinity:undefined:undefined:undefined:undefined":1,"s:28:2:28:Infinity":5,"s:28:17:28:Infinity":6,"s:30:2:36:Infinity":7,"b:31:49:31:84:31:84:31:86":2,"b:32:35:32:63:32:63:32:65":3,"b:33:53:33:90:33:90:33:92":4,"b:34:45:34:78:34:78:34:80":5,"b:35:45:35:78:35:78:35:80":6,"f:40:16:40:35":2,"b:41:2:41:Infinity:undefined:undefined:undefined:undefined":7,"s:41:2:41:Infinity":8,"s:41:35:41:Infinity":9,"s:42:2:42:Infinity":10,"f:42:24:42:29":3,"s:42:29:42:56":11,"f:46:16:46:30":4,"s:47:2:47:Infinity":12,"f:51:16:51:31":5,"s:52:2:52:Infinity":13,"b:52:9:52:45:52:45:52:Infinity":8,"f:56:16:56:30":6,"s:57:16:57:Infinity":14,"s:58:2:58:Infinity":15,"f:62:16:62:31":7,"s:63:16:63:Infinity":16,"s:64:2:64:Infinity":17,"f:68:16:68:31":8,"s:69:16:69:Infinity":18,"s:70:2:70:Infinity":19}}}
,"/home/ec2-user/.openclaw/workspace/sangokushi-web/src/utils/pathfinding.ts": {"path":"/home/ec2-user/.openclaw/workspace/sangokushi-web/src/utils/pathfinding.ts","statementMap":{"0":{"start":{"line":5,"column":58},"end":{"line":13,"column":null}},"1":{"start":{"line":31,"column":30},"end":{"line":31,"column":null}},"2":{"start":{"line":32,"column":20},"end":{"line":32,"column":null}},"3":{"start":{"line":34,"column":30},"end":{"line":40,"column":null}},"4":{"start":{"line":42,"column":2},"end":{"line":42,"column":null}},"5":{"start":{"line":44,"column":2},"end":{"line":106,"column":null}},"6":{"start":{"line":46,"column":4},"end":{"line":46,"column":null}},"7":{"start":{"line":46,"column":27},"end":{"line":46,"column":36}},"8":{"start":{"line":47,"column":20},"end":{"line":47,"column":null}},"9":{"start":{"line":49,"column":4},"end":{"line":58,"column":null}},"10":{"start":{"line":51,"column":26},"end":{"line":51,"column":null}},"11":{"start":{"line":52,"column":34},"end":{"line":52,"column":null}},"12":{"start":{"line":53,"column":6},"end":{"line":56,"column":null}},"13":{"start":{"line":54,"column":8},"end":{"line":54,"column":null}},"14":{"start":{"line":55,"column":8},"end":{"line":55,"column":null}},"15":{"start":{"line":57,"column":6},"end":{"line":57,"column":null}},"16":{"start":{"line":60,"column":16},"end":{"line":60,"column":null}},"17":{"start":{"line":61,"column":4},"end":{"line":61,"column":null}},"18":{"start":{"line":63,"column":10},"end":{"line":63,"column":null}},"19":{"start":{"line":64,"column":4},"end":{"line":105,"column":null}},"20":{"start":{"line":70,"column":6},"end":{"line":70,"column":null}},"21":{"start":{"line":70,"column":73},"end":{"line":70,"column":null}},"22":{"start":{"line":72,"column":26},"end":{"line":72,"column":null}},"23":{"start":{"line":73,"column":6},"end":{"line":73,"column":null}},"24":{"start":{"line":73,"column":71},"end":{"line":73,"column":null}},"25":{"start":{"line":78,"column":19},"end":{"line":78,"column":null}},"26":{"start":{"line":79,"column":19},"end":{"line":79,"column":null}},"27":{"start":{"line":81,"column":21},"end":{"line":81,"column":null}},"28":{"start":{"line":82,"column":6},"end":{"line":86,"column":null}},"29":{"start":{"line":83,"column":8},"end":{"line":83,"column":null}},"30":{"start":{"line":85,"column":8},"end":{"line":85,"column":null}},"31":{"start":{"line":88,"column":21},"end":{"line":88,"column":null}},"32":{"start":{"line":89,"column":25},"end":{"line":89,"column":null}},"33":{"start":{"line":89,"column":43},"end":{"line":89,"column":91}},"34":{"start":{"line":91,"column":6},"end":{"line":104,"column":null}},"35":{"start":{"line":92,"column":8},"end":{"line":98,"column":null}},"36":{"start":{"line":99,"column":8},"end":{"line":99,"column":null}},"37":{"start":{"line":100,"column":6},"end":{"line":104,"column":null}},"38":{"start":{"line":101,"column":8},"end":{"line":101,"column":null}},"39":{"start":{"line":102,"column":8},"end":{"line":102,"column":null}},"40":{"start":{"line":103,"column":8},"end":{"line":103,"column":null}},"41":{"start":{"line":108,"column":2},"end":{"line":108,"column":null}},"42":{"start":{"line":119,"column":18},"end":{"line":119,"column":null}},"43":{"start":{"line":120,"column":46},"end":{"line":120,"column":null}},"44":{"start":{"line":121,"column":2},"end":{"line":121,"column":null}},"45":{"start":{"line":123,"column":2},"end":{"line":146,"column":null}},"46":{"start":{"line":124,"column":26},"end":{"line":124,"column":null}},"47":{"start":{"line":126,"column":10},"end":{"line":126,"column":null}},"48":{"start":{"line":127,"column":4},"end":{"line":145,"column":null}},"49":{"start":{"line":128,"column":19},"end":{"line":128,"column":null}},"50":{"start":{"line":129,"column":19},"end":{"line":129,"column":null}},"51":{"start":{"line":131,"column":6},"end":{"line":131,"column":null}},"52":{"start":{"line":131,"column":50},"end":{"line":131,"column":null}},"53":{"start":{"line":133,"column":26},"end":{"line":133,"column":null}},"54":{"start":{"line":134,"column":6},"end":{"line":134,"column":null}},"55":{"start":{"line":134,"column":41},"end":{"line":134,"column":null}},"56":{"start":{"line":136,"column":23},"end":{"line":136,"column":null}},"57":{"start":{"line":137,"column":24},"end":{"line":137,"column":null}},"58":{"start":{"line":139,"column":6},"end":{"line":144,"column":null}},"59":{"start":{"line":140,"column":8},"end":{"line":143,"column":null}},"60":{"start":{"line":141,"column":10},"end":{"line":141,"column":null}},"61":{"start":{"line":142,"column":10},"end":{"line":142,"column":null}},"62":{"start":{"line":148,"column":2},"end":{"line":148,"column":null}}},"fnMap":{"0":{"name":"findPath","decl":{"start":{"line":23,"column":16},"end":{"line":23,"column":null}},"loc":{"start":{"line":30,"column":16},"end":{"line":109,"column":null}},"line":30},"1":{"name":"(anonymous_1)","decl":{"start":{"line":46,"column":17},"end":{"line":46,"column":18}},"loc":{"start":{"line":46,"column":27},"end":{"line":46,"column":36}},"line":46},"2":{"name":"(anonymous_2)","decl":{"start":{"line":89,"column":38},"end":{"line":89,"column":43}},"loc":{"start":{"line":89,"column":43},"end":{"line":89,"column":91}},"line":89},"3":{"name":"getMoveRange","decl":{"start":{"line":111,"column":16},"end":{"line":111,"column":null}},"loc":{"start":{"line":118,"column":23},"end":{"line":149,"column":null}},"line":118}},"branchMap":{"0":{"loc":{"start":{"line":49,"column":4},"end":{"line":58,"column":null}},"type":"if","locations":[{"start":{"line":49,"column":4},"end":{"line":58,"column":null}},{"start":{},"end":{}}],"line":49},"1":{"loc":{"start":{"line":49,"column":8},"end":{"line":49,"column":60}},"type":"binary-expr","locations":[{"start":{"line":49,"column":8},"end":{"line":49,"column":35}},{"start":{"line":49,"column":35},"end":{"line":49,"column":60}}],"line":49},"2":{"loc":{"start":{"line":70,"column":6},"end":{"line":70,"column":null}},"type":"if","locations":[{"start":{"line":70,"column":6},"end":{"line":70,"column":null}},{"start":{},"end":{}}],"line":70},"3":{"loc":{"start":{"line":70,"column":10},"end":{"line":70,"column":73}},"type":"binary-expr","locations":[{"start":{"line":70,"column":10},"end":{"line":70,"column":42}},{"start":{"line":70,"column":42},"end":{"line":70,"column":73}}],"line":70},"4":{"loc":{"start":{"line":73,"column":6},"end":{"line":73,"column":null}},"type":"if","locations":[{"start":{"line":73,"column":6},"end":{"line":73,"column":null}},{"start":{},"end":{}}],"line":73},"5":{"loc":{"start":{"line":73,"column":10},"end":{"line":73,"column":71}},"type":"binary-expr","locations":[{"start":{"line":73,"column":10},"end":{"line":73,"column":40}},{"start":{"line":73,"column":40},"end":{"line":73,"column":71}}],"line":73},"6":{"loc":{"start":{"line":82,"column":6},"end":{"line":86,"column":null}},"type":"if","locations":[{"start":{"line":82,"column":6},"end":{"line":86,"column":null}},{"start":{"line":84,"column":13},"end":{"line":86,"column":null}}],"line":82},"7":{"loc":{"start":{"line":82,"column":10},"end":{"line":82,"column":48}},"type":"binary-expr","locations":[{"start":{"line":82,"column":10},"end":{"line":82,"column":27}},{"start":{"line":82,"column":27},"end":{"line":82,"column":48}}],"line":82},"8":{"loc":{"start":{"line":89,"column":43},"end":{"line":89,"column":91}},"type":"binary-expr","locations":[{"start":{"line":89,"column":43},"end":{"line":89,"column":69}},{"start":{"line":89,"column":69},"end":{"line":89,"column":91}}],"line":89},"9":{"loc":{"start":{"line":91,"column":6},"end":{"line":104,"column":null}},"type":"if","locations":[{"start":{"line":91,"column":6},"end":{"line":104,"column":null}},{"start":{"line":100,"column":6},"end":{"line":104,"column":null}}],"line":91},"10":{"loc":{"start":{"line":100,"column":6},"end":{"line":104,"column":null}},"type":"if","locations":[{"start":{"line":100,"column":6},"end":{"line":104,"column":null}},{"start":{},"end":{}}],"line":100},"11":{"loc":{"start":{"line":131,"column":6},"end":{"line":131,"column":null}},"type":"if","locations":[{"start":{"line":131,"column":6},"end":{"line":131,"column":null}},{"start":{},"end":{}}],"line":131},"12":{"loc":{"start":{"line":131,"column":10},"end":{"line":131,"column":50}},"type":"binary-expr","locations":[{"start":{"line":131,"column":10},"end":{"line":131,"column":28}},{"start":{"line":131,"column":28},"end":{"line":131,"column":50}}],"line":131},"13":{"loc":{"start":{"line":134,"column":6},"end":{"line":134,"column":null}},"type":"if","locations":[{"start":{"line":134,"column":6},"end":{"line":134,"column":null}},{"start":{},"end":{}}],"line":134},"14":{"loc":{"start":{"line":139,"column":6},"end":{"line":144,"column":null}},"type":"if","locations":[{"start":{"line":139,"column":6},"end":{"line":144,"column":null}},{"start":{},"end":{}}],"line":139},"15":{"loc":{"start":{"line":140,"column":8},"end":{"line":143,"column":null}},"type":"if","locations":[{"start":{"line":140,"column":8},"end":{"line":143,"column":null}},{"start":{},"end":{}}],"line":140},"16":{"loc":{"start":{"line":140,"column":12},"end":{"line":140,"column":80}},"type":"binary-expr","locations":[{"start":{"line":140,"column":12},"end":{"line":140,"column":41}},{"start":{"line":140,"column":41},"end":{"line":140,"column":80}}],"line":140}},"s":{"0":1,"1":2,"2":2,"3":2,"4":2,"5":2,"6":7,"7":50,"8":7,"9":7,"10":2,"11":2,"12":2,"13":7,"14":7,"15":2,"16":5,"17":5,"18":5,"19":5,"20":30,"21":0,"22":30,"23":30,"24":7,"25":23,"26":23,"27":23,"28":23,"29":23,"30":0,"31":23,"32":23,"33":79,"34":23,"35":19,"36":19,"37":4,"38":0,"39":0,"40":0,"41":0,"42":2,"43":2,"44":2,"45":2,"46":26,"47":26,"48":26,"49":156,"50":156,"51":156,"52":0,"53":156,"54":156,"55":0,"56":156,"57":156,"58":156,"59":48,"60":24,"61":24,"62":2},"f":{"0":2,"1":50,"2":79,"3":2},"b":{"0":[2,5],"1":[7,2],"2":[0,30],"3":[30,30],"4":[7,23],"5":[30,27],"6":[23,0],"7":[23,23],"8":[79,17],"9":[19,4],"10":[0,4],"11":[0,156],"12":[156,156],"13":[0,156],"14":[48,108],"15":[24,24],"16":[48,24]},"meta":{"lastBranch":17,"lastFunction":4,"lastStatement":63,"seen":{"s:5:58:13:Infinity":0,"f:23:16:23:Infinity":0,"s:31:30:31:Infinity":1,"s:32:20:32:Infinity":2,"s:34:30:40:Infinity":3,"s:42:2:42:Infinity":4,"s:44:2:106:Infinity":5,"s:46:4:46:Infinity":6,"f:46:17:46:18":1,"s:46:27:46:36":7,"s:47:20:47:Infinity":8,"b:49:4:58:Infinity:undefined:undefined:undefined:undefined":0,"s:49:4:58:Infinity":9,"b:49:8:49:35:49:35:49:60":1,"s:51:26:51:Infinity":10,"s:52:34:52:Infinity":11,"s:53:6:56:Infinity":12,"s:54:8:54:Infinity":13,"s:55:8:55:Infinity":14,"s:57:6:57:Infinity":15,"s:60:16:60:Infinity":16,"s:61:4:61:Infinity":17,"s:63:10:63:Infinity":18,"s:64:4:105:Infinity":19,"b:70:6:70:Infinity:undefined:undefined:undefined:undefined":2,"s:70:6:70:Infinity":20,"b:70:10:70:42:70:42:70:73":3,"s:70:73:70:Infinity":21,"s:72:26:72:Infinity":22,"b:73:6:73:Infinity:undefined:undefined:undefined:undefined":4,"s:73:6:73:Infinity":23,"b:73:10:73:40:73:40:73:71":5,"s:73:71:73:Infinity":24,"s:78:19:78:Infinity":25,"s:79:19:79:Infinity":26,"s:81:21:81:Infinity":27,"b:82:6:86:Infinity:84:13:86:Infinity":6,"s:82:6:86:Infinity":28,"b:82:10:82:27:82:27:82:48":7,"s:83:8:83:Infinity":29,"s:85:8:85:Infinity":30,"s:88:21:88:Infinity":31,"s:89:25:89:Infinity":32,"f:89:38:89:43":2,"s:89:43:89:91":33,"b:89:43:89:69:89:69:89:91":8,"b:91:6:104:Infinity:100:6:104:Infinity":9,"s:91:6:104:Infinity":34,"s:92:8:98:Infinity":35,"s:99:8:99:Infinity":36,"b:100:6:104:Infinity:undefined:undefined:undefined:undefined":10,"s:100:6:104:Infinity":37,"s:101:8:101:Infinity":38,"s:102:8:102:Infinity":39,"s:103:8:103:Infinity":40,"s:108:2:108:Infinity":41,"f:111:16:111:Infinity":3,"s:119:18:119:Infinity":42,"s:120:46:120:Infinity":43,"s:121:2:121:Infinity":44,"s:123:2:146:Infinity":45,"s:124:26:124:Infinity":46,"s:126:10:126:Infinity":47,"s:127:4:145:Infinity":48,"s:128:19:128:Infinity":49,"s:129:19:129:Infinity":50,"b:131:6:131:Infinity:undefined:undefined:undefined:undefined":11,"s:131:6:131:Infinity":51,"b:131:10:131:28:131:28:131:50":12,"s:131:50:131:Infinity":52,"s:133:26:133:Infinity":53,"b:134:6:134:Infinity:undefined:undefined:undefined:undefined":13,"s:134:6:134:Infinity":54,"s:134:41:134:Infinity":55,"s:136:23:136:Infinity":56,"s:137:24:137:Infinity":57,"b:139:6:144:Infinity:undefined:undefined:undefined:undefined":14,"s:139:6:144:Infinity":58,"b:140:8:143:Infinity:undefined:undefined:undefined:undefined":15,"s:140:8:143:Infinity":59,"b:140:12:140:41:140:41:140:80":16,"s:141:10:141:Infinity":60,"s:142:10:142:Infinity":61,"s:148:2:148:Infinity":62}}}
,"/home/ec2-user/.openclaw/workspace/sangokushi-web/src/utils/skills.ts": {"path":"/home/ec2-user/.openclaw/workspace/sangokushi-web/src/utils/skills.ts","statementMap":{"0":{"start":{"line":10,"column":2},"end":{"line":10,"column":null}},"1":{"start":{"line":15,"column":2},"end":{"line":15,"column":null}},"2":{"start":{"line":15,"column":30},"end":{"line":15,"column":54}},"3":{"start":{"line":19,"column":68},"end":{"line":42,"column":null}},"4":{"start":{"line":46,"column":19},"end":{"line":46,"column":null}},"5":{"start":{"line":47,"column":2},"end":{"line":47,"column":null}},"6":{"start":{"line":47,"column":17},"end":{"line":47,"column":null}},"7":{"start":{"line":48,"column":2},"end":{"line":48,"column":null}},"8":{"start":{"line":53,"column":2},"end":{"line":53,"column":null}},"9":{"start":{"line":53,"column":55},"end":{"line":53,"column":82}},"10":{"start":{"line":58,"column":52},"end":{"line":63,"column":null}},"11":{"start":{"line":65,"column":2},"end":{"line":65,"column":null}},"12":{"start":{"line":65,"column":37},"end":{"line":65,"column":61}},"13":{"start":{"line":70,"column":52},"end":{"line":75,"column":null}},"14":{"start":{"line":77,"column":2},"end":{"line":77,"column":null}},"15":{"start":{"line":77,"column":40},"end":{"line":77,"column":69}}},"fnMap":{"0":{"name":"hasSkill","decl":{"start":{"line":9,"column":16},"end":{"line":9,"column":25}},"loc":{"start":{"line":9,"column":70},"end":{"line":11,"column":null}},"line":9},"1":{"name":"officersWithSkill","decl":{"start":{"line":14,"column":16},"end":{"line":14,"column":34}},"loc":{"start":{"line":14,"column":84},"end":{"line":16,"column":null}},"line":14},"2":{"name":"(anonymous_2)","decl":{"start":{"line":15,"column":25},"end":{"line":15,"column":30}},"loc":{"start":{"line":15,"column":30},"end":{"line":15,"column":54}},"line":15},"3":{"name":"canUseCommand","decl":{"start":{"line":45,"column":16},"end":{"line":45,"column":30}},"loc":{"start":{"line":45,"column":74},"end":{"line":49,"column":null}},"line":45},"4":{"name":"getAvailableCommands","decl":{"start":{"line":52,"column":16},"end":{"line":52,"column":37}},"loc":{"start":{"line":52,"column":65},"end":{"line":54,"column":null}},"line":52},"5":{"name":"(anonymous_5)","decl":{"start":{"line":53,"column":48},"end":{"line":53,"column":55}},"loc":{"start":{"line":53,"column":55},"end":{"line":53,"column":82}},"line":53},"6":{"name":"hasSkillGroup","decl":{"start":{"line":57,"column":16},"end":{"line":57,"column":30}},"loc":{"start":{"line":57,"column":113},"end":{"line":66,"column":null}},"line":57},"7":{"name":"(anonymous_7)","decl":{"start":{"line":65,"column":28},"end":{"line":65,"column":37}},"loc":{"start":{"line":65,"column":37},"end":{"line":65,"column":61}},"line":65},"8":{"name":"countSkillsInGroup","decl":{"start":{"line":69,"column":16},"end":{"line":69,"column":35}},"loc":{"start":{"line":69,"column":117},"end":{"line":78,"column":null}},"line":69},"9":{"name":"(anonymous_9)","decl":{"start":{"line":77,"column":31},"end":{"line":77,"column":40}},"loc":{"start":{"line":77,"column":40},"end":{"line":77,"column":69}},"line":77}},"branchMap":{"0":{"loc":{"start":{"line":47,"column":2},"end":{"line":47,"column":null}},"type":"if","locations":[{"start":{"line":47,"column":2},"end":{"line":47,"column":null}},{"start":{},"end":{}}],"line":47}},"s":{"0":105,"1":4,"2":7,"3":2,"4":76,"5":76,"6":1,"7":75,"8":2,"9":36,"10":4,"11":4,"12":22,"13":4,"14":4,"15":11},"f":{"0":105,"1":4,"2":7,"3":76,"4":2,"5":36,"6":4,"7":22,"8":4,"9":11},"b":{"0":[1,75]},"meta":{"lastBranch":1,"lastFunction":10,"lastStatement":16,"seen":{"f:9:16:9:25":0,"s:10:2:10:Infinity":0,"f:14:16:14:34":1,"s:15:2:15:Infinity":1,"f:15:25:15:30":2,"s:15:30:15:54":2,"s:19:68:42:Infinity":3,"f:45:16:45:30":3,"s:46:19:46:Infinity":4,"b:47:2:47:Infinity:undefined:undefined:undefined:undefined":0,"s:47:2:47:Infinity":5,"s:47:17:47:Infinity":6,"s:48:2:48:Infinity":7,"f:52:16:52:37":4,"s:53:2:53:Infinity":8,"f:53:48:53:55":5,"s:53:55:53:82":9,"f:57:16:57:30":6,"s:58:52:63:Infinity":10,"s:65:2:65:Infinity":11,"f:65:28:65:37":7,"s:65:37:65:61":12,"f:69:16:69:35":8,"s:70:52:75:Infinity":13,"s:77:2:77:Infinity":14,"f:77:31:77:40":9,"s:77:40:77:69":15}}}
}
