{"/home/ec2-user/.openclaw/workspace/sangokushi-web/src/store/battleStore.ts": {"path":"/home/ec2-user/.openclaw/workspace/sangokushi-web/src/store/battleStore.ts","statementMap":{"0":{"start":{"line":17,"column":26},"end":{"line":17,"column":null}},"1":{"start":{"line":18,"column":27},"end":{"line":18,"column":null}},"2":{"start":{"line":20,"column":20},"end":{"line":36,"column":null}},"3":{"start":{"line":21,"column":35},"end":{"line":21,"column":null}},"4":{"start":{"line":22,"column":2},"end":{"line":32,"column":null}},"5":{"start":{"line":22,"column":15},"end":{"line":22,"column":18}},"6":{"start":{"line":23,"column":4},"end":{"line":23,"column":null}},"7":{"start":{"line":24,"column":4},"end":{"line":31,"column":null}},"8":{"start":{"line":24,"column":17},"end":{"line":24,"column":20}},"9":{"start":{"line":26,"column":19},"end":{"line":26,"column":null}},"10":{"start":{"line":27,"column":6},"end":{"line":30,"column":null}},"11":{"start":{"line":27,"column":22},"end":{"line":27,"column":null}},"12":{"start":{"line":27,"column":38},"end":{"line":30,"column":null}},"13":{"start":{"line":28,"column":27},"end":{"line":28,"column":null}},"14":{"start":{"line":28,"column":43},"end":{"line":30,"column":null}},"15":{"start":{"line":29,"column":28},"end":{"line":29,"column":null}},"16":{"start":{"line":30,"column":11},"end":{"line":30,"column":null}},"17":{"start":{"line":34,"column":2},"end":{"line":34,"column":null}},"18":{"start":{"line":35,"column":2},"end":{"line":35,"column":null}},"19":{"start":{"line":38,"column":13},"end":{"line":203,"column":null}},"20":{"start":{"line":38,"column":81},"end":{"line":203,"column":2}},"21":{"start":{"line":53,"column":32},"end":{"line":53,"column":null}},"22":{"start":{"line":54,"column":18},"end":{"line":54,"column":null}},"23":{"start":{"line":55,"column":19},"end":{"line":55,"column":null}},"24":{"start":{"line":58,"column":4},"end":{"line":74,"column":null}},"25":{"start":{"line":59,"column":6},"end":{"line":73,"column":null}},"26":{"start":{"line":77,"column":4},"end":{"line":93,"column":null}},"27":{"start":{"line":78,"column":6},"end":{"line":92,"column":null}},"28":{"start":{"line":95,"column":4},"end":{"line":106,"column":null}},"29":{"start":{"line":109,"column":26},"end":{"line":109,"column":null}},"30":{"start":{"line":112,"column":18},"end":{"line":112,"column":null}},"31":{"start":{"line":113,"column":17},"end":{"line":113,"column":null}},"32":{"start":{"line":113,"column":39},"end":{"line":113,"column":54}},"33":{"start":{"line":114,"column":4},"end":{"line":114,"column":null}},"34":{"start":{"line":114,"column":15},"end":{"line":114,"column":null}},"35":{"start":{"line":116,"column":4},"end":{"line":122,"column":null}},"36":{"start":{"line":118,"column":8},"end":{"line":120,"column":null}},"37":{"start":{"line":126,"column":18},"end":{"line":126,"column":null}},"38":{"start":{"line":127,"column":21},"end":{"line":127,"column":null}},"39":{"start":{"line":127,"column":43},"end":{"line":127,"column":66}},"40":{"start":{"line":128,"column":19},"end":{"line":128,"column":null}},"41":{"start":{"line":128,"column":41},"end":{"line":128,"column":62}},"42":{"start":{"line":129,"column":4},"end":{"line":129,"column":null}},"43":{"start":{"line":129,"column":30},"end":{"line":129,"column":null}},"44":{"start":{"line":133,"column":24},"end":{"line":133,"column":null}},"45":{"start":{"line":134,"column":27},"end":{"line":134,"column":null}},"46":{"start":{"line":135,"column":19},"end":{"line":135,"column":null}},"47":{"start":{"line":138,"column":26},"end":{"line":138,"column":null}},"48":{"start":{"line":140,"column":21},"end":{"line":148,"column":null}},"49":{"start":{"line":141,"column":6},"end":{"line":143,"column":null}},"50":{"start":{"line":142,"column":8},"end":{"line":142,"column":null}},"51":{"start":{"line":144,"column":6},"end":{"line":146,"column":null}},"52":{"start":{"line":145,"column":8},"end":{"line":145,"column":null}},"53":{"start":{"line":147,"column":6},"end":{"line":147,"column":null}},"54":{"start":{"line":150,"column":4},"end":{"line":150,"column":null}},"55":{"start":{"line":151,"column":4},"end":{"line":151,"column":null}},"56":{"start":{"line":155,"column":18},"end":{"line":155,"column":null}},"57":{"start":{"line":156,"column":21},"end":{"line":158,"column":null}},"58":{"start":{"line":157,"column":6},"end":{"line":157,"column":null}},"59":{"start":{"line":161,"column":21},"end":{"line":161,"column":null}},"60":{"start":{"line":161,"column":40},"end":{"line":161,"column":61}},"61":{"start":{"line":163,"column":4},"end":{"line":169,"column":null}},"62":{"start":{"line":164,"column":6},"end":{"line":164,"column":null}},"63":{"start":{"line":167,"column":6},"end":{"line":167,"column":null}},"64":{"start":{"line":168,"column":6},"end":{"line":168,"column":null}},"65":{"start":{"line":173,"column":18},"end":{"line":173,"column":null}},"66":{"start":{"line":174,"column":19},"end":{"line":174,"column":null}},"67":{"start":{"line":175,"column":4},"end":{"line":178,"column":null}},"68":{"start":{"line":176,"column":6},"end":{"line":176,"column":null}},"69":{"start":{"line":177,"column":6},"end":{"line":177,"column":null}},"70":{"start":{"line":180,"column":23},"end":{"line":183,"column":null}},"71":{"start":{"line":180,"column":45},"end":{"line":183,"column":6}},"72":{"start":{"line":185,"column":4},"end":{"line":189,"column":null}},"73":{"start":{"line":188,"column":41},"end":{"line":188,"column":62}},"74":{"start":{"line":193,"column":18},"end":{"line":193,"column":null}},"75":{"start":{"line":194,"column":22},"end":{"line":194,"column":null}},"76":{"start":{"line":194,"column":46},"end":{"line":194,"column":94}},"77":{"start":{"line":195,"column":22},"end":{"line":195,"column":null}},"78":{"start":{"line":195,"column":46},"end":{"line":195,"column":94}},"79":{"start":{"line":197,"column":4},"end":{"line":201,"column":null}},"80":{"start":{"line":198,"column":6},"end":{"line":198,"column":null}},"81":{"start":{"line":199,"column":4},"end":{"line":201,"column":null}},"82":{"start":{"line":200,"column":6},"end":{"line":200,"column":null}}},"fnMap":{"0":{"name":"(anonymous_0)","decl":{"start":{"line":20,"column":20},"end":{"line":20,"column":21}},"loc":{"start":{"line":20,"column":66},"end":{"line":36,"column":null}},"line":20},"1":{"name":"(anonymous_1)","decl":{"start":{"line":38,"column":66},"end":{"line":38,"column":67}},"loc":{"start":{"line":38,"column":81},"end":{"line":203,"column":2}},"line":38},"2":{"name":"(anonymous_2)","decl":{"start":{"line":52,"column":14},"end":{"line":52,"column":15}},"loc":{"start":{"line":52,"column":94},"end":{"line":107,"column":null}},"line":52},"3":{"name":"(anonymous_3)","decl":{"start":{"line":58,"column":29},"end":{"line":58,"column":30}},"loc":{"start":{"line":58,"column":41},"end":{"line":74,"column":5}},"line":58},"4":{"name":"(anonymous_4)","decl":{"start":{"line":77,"column":29},"end":{"line":77,"column":30}},"loc":{"start":{"line":77,"column":41},"end":{"line":93,"column":5}},"line":77},"5":{"name":"(anonymous_5)","decl":{"start":{"line":109,"column":14},"end":{"line":109,"column":15}},"loc":{"start":{"line":109,"column":26},"end":{"line":109,"column":null}},"line":109},"6":{"name":"(anonymous_6)","decl":{"start":{"line":111,"column":12},"end":{"line":111,"column":13}},"loc":{"start":{"line":111,"column":30},"end":{"line":123,"column":null}},"line":111},"7":{"name":"(anonymous_7)","decl":{"start":{"line":113,"column":34},"end":{"line":113,"column":39}},"loc":{"start":{"line":113,"column":39},"end":{"line":113,"column":54}},"line":113},"8":{"name":"(anonymous_8)","decl":{"start":{"line":117,"column":29},"end":{"line":117,"column":null}},"loc":{"start":{"line":118,"column":8},"end":{"line":120,"column":null}},"line":118},"9":{"name":"(anonymous_9)","decl":{"start":{"line":125,"column":14},"end":{"line":125,"column":15}},"loc":{"start":{"line":125,"column":48},"end":{"line":152,"column":null}},"line":125},"10":{"name":"(anonymous_10)","decl":{"start":{"line":127,"column":38},"end":{"line":127,"column":43}},"loc":{"start":{"line":127,"column":43},"end":{"line":127,"column":66}},"line":127},"11":{"name":"(anonymous_11)","decl":{"start":{"line":128,"column":36},"end":{"line":128,"column":41}},"loc":{"start":{"line":128,"column":41},"end":{"line":128,"column":62}},"line":128},"12":{"name":"(anonymous_12)","decl":{"start":{"line":140,"column":37},"end":{"line":140,"column":42}},"loc":{"start":{"line":140,"column":42},"end":{"line":148,"column":5}},"line":140},"13":{"name":"(anonymous_13)","decl":{"start":{"line":154,"column":15},"end":{"line":154,"column":16}},"loc":{"start":{"line":154,"column":27},"end":{"line":170,"column":null}},"line":154},"14":{"name":"(anonymous_14)","decl":{"start":{"line":156,"column":37},"end":{"line":156,"column":null}},"loc":{"start":{"line":157,"column":6},"end":{"line":157,"column":null}},"line":157},"15":{"name":"(anonymous_15)","decl":{"start":{"line":161,"column":35},"end":{"line":161,"column":40}},"loc":{"start":{"line":161,"column":40},"end":{"line":161,"column":61}},"line":161},"16":{"name":"(anonymous_16)","decl":{"start":{"line":172,"column":11},"end":{"line":172,"column":17}},"loc":{"start":{"line":172,"column":17},"end":{"line":190,"column":null}},"line":172},"17":{"name":"(anonymous_17)","decl":{"start":{"line":180,"column":39},"end":{"line":180,"column":45}},"loc":{"start":{"line":180,"column":45},"end":{"line":183,"column":6}},"line":180},"18":{"name":"(anonymous_18)","decl":{"start":{"line":188,"column":36},"end":{"line":188,"column":41}},"loc":{"start":{"line":188,"column":41},"end":{"line":188,"column":62}},"line":188},"19":{"name":"(anonymous_19)","decl":{"start":{"line":192,"column":18},"end":{"line":192,"column":24}},"loc":{"start":{"line":192,"column":24},"end":{"line":202,"column":null}},"line":192},"20":{"name":"(anonymous_20)","decl":{"start":{"line":194,"column":41},"end":{"line":194,"column":46}},"loc":{"start":{"line":194,"column":46},"end":{"line":194,"column":94}},"line":194},"21":{"name":"(anonymous_21)","decl":{"start":{"line":195,"column":41},"end":{"line":195,"column":46}},"loc":{"start":{"line":195,"column":46},"end":{"line":195,"column":94}},"line":195}},"branchMap":{"0":{"loc":{"start":{"line":27,"column":6},"end":{"line":30,"column":null}},"type":"if","locations":[{"start":{"line":27,"column":6},"end":{"line":30,"column":null}},{"start":{"line":27,"column":38},"end":{"line":30,"column":null}}],"line":27},"1":{"loc":{"start":{"line":27,"column":38},"end":{"line":30,"column":null}},"type":"if","locations":[{"start":{"line":27,"column":38},"end":{"line":30,"column":null}},{"start":{"line":28,"column":43},"end":{"line":30,"column":null}}],"line":27},"2":{"loc":{"start":{"line":28,"column":43},"end":{"line":30,"column":null}},"type":"if","locations":[{"start":{"line":28,"column":43},"end":{"line":30,"column":null}},{"start":{"line":30,"column":11},"end":{"line":30,"column":null}}],"line":28},"3":{"loc":{"start":{"line":104,"column":20},"end":{"line":104,"column":null}},"type":"binary-expr","locations":[{"start":{"line":104,"column":20},"end":{"line":104,"column":36}},{"start":{"line":104,"column":36},"end":{"line":104,"column":null}}],"line":104},"4":{"loc":{"start":{"line":114,"column":4},"end":{"line":114,"column":null}},"type":"if","locations":[{"start":{"line":114,"column":4},"end":{"line":114,"column":null}},{"start":{},"end":{}}],"line":114},"5":{"loc":{"start":{"line":118,"column":8},"end":{"line":120,"column":null}},"type":"cond-expr","locations":[{"start":{"line":119,"column":12},"end":{"line":119,"column":null}},{"start":{"line":120,"column":12},"end":{"line":120,"column":null}}],"line":118},"6":{"loc":{"start":{"line":129,"column":4},"end":{"line":129,"column":null}},"type":"if","locations":[{"start":{"line":129,"column":4},"end":{"line":129,"column":null}},{"start":{},"end":{}}],"line":129},"7":{"loc":{"start":{"line":129,"column":8},"end":{"line":129,"column":30}},"type":"binary-expr","locations":[{"start":{"line":129,"column":8},"end":{"line":129,"column":21}},{"start":{"line":129,"column":21},"end":{"line":129,"column":30}}],"line":129},"8":{"loc":{"start":{"line":141,"column":6},"end":{"line":143,"column":null}},"type":"if","locations":[{"start":{"line":141,"column":6},"end":{"line":143,"column":null}},{"start":{},"end":{}}],"line":141},"9":{"loc":{"start":{"line":144,"column":6},"end":{"line":146,"column":null}},"type":"if","locations":[{"start":{"line":144,"column":6},"end":{"line":146,"column":null}},{"start":{},"end":{}}],"line":144},"10":{"loc":{"start":{"line":157,"column":6},"end":{"line":157,"column":null}},"type":"cond-expr","locations":[{"start":{"line":157,"column":24},"end":{"line":157,"column":60}},{"start":{"line":157,"column":60},"end":{"line":157,"column":null}}],"line":157},"11":{"loc":{"start":{"line":163,"column":4},"end":{"line":169,"column":null}},"type":"if","locations":[{"start":{"line":163,"column":4},"end":{"line":169,"column":null}},{"start":{"line":165,"column":11},"end":{"line":169,"column":null}}],"line":163},"12":{"loc":{"start":{"line":175,"column":4},"end":{"line":178,"column":null}},"type":"if","locations":[{"start":{"line":175,"column":4},"end":{"line":178,"column":null}},{"start":{},"end":{}}],"line":175},"13":{"loc":{"start":{"line":182,"column":14},"end":{"line":182,"column":null}},"type":"cond-expr","locations":[{"start":{"line":182,"column":30},"end":{"line":182,"column":52}},{"start":{"line":182,"column":52},"end":{"line":182,"column":null}}],"line":182},"14":{"loc":{"start":{"line":188,"column":20},"end":{"line":188,"column":null}},"type":"binary-expr","locations":[{"start":{"line":188,"column":20},"end":{"line":188,"column":71}},{"start":{"line":188,"column":71},"end":{"line":188,"column":null}}],"line":188},"15":{"loc":{"start":{"line":194,"column":46},"end":{"line":194,"column":94}},"type":"binary-expr","locations":[{"start":{"line":194,"column":46},"end":{"line":194,"column":82}},{"start":{"line":194,"column":82},"end":{"line":194,"column":94}}],"line":194},"16":{"loc":{"start":{"line":195,"column":46},"end":{"line":195,"column":94}},"type":"binary-expr","locations":[{"start":{"line":195,"column":46},"end":{"line":195,"column":82}},{"start":{"line":195,"column":82},"end":{"line":195,"column":94}}],"line":195},"17":{"loc":{"start":{"line":197,"column":4},"end":{"line":201,"column":null}},"type":"if","locations":[{"start":{"line":197,"column":4},"end":{"line":201,"column":null}},{"start":{"line":199,"column":4},"end":{"line":201,"column":null}}],"line":197},"18":{"loc":{"start":{"line":199,"column":4},"end":{"line":201,"column":null}},"type":"if","locations":[{"start":{"line":199,"column":4},"end":{"line":201,"column":null}},{"start":{},"end":{}}],"line":199}},"s":{"0":1,"1":1,"2":1,"3":6,"4":6,"5":6,"6":90,"7":90,"8":90,"9":1350,"10":1350,"11":139,"12":1211,"13":159,"14":1052,"15":53,"16":999,"17":6,"18":6,"19":1,"20":1,"21":5,"22":5,"23":5,"24":5,"25":5,"26":5,"27":5,"28":5,"29":0,"30":1,"31":1,"32":1,"33":1,"34":0,"35":1,"36":2,"37":1,"38":1,"39":1,"40":1,"41":2,"42":1,"43":0,"44":1,"45":1,"46":1,"47":1,"48":1,"49":2,"50":1,"51":1,"52":1,"53":0,"54":1,"55":1,"56":2,"57":2,"58":4,"59":2,"60":4,"61":2,"62":1,"63":1,"64":1,"65":1,"66":1,"67":1,"68":0,"69":0,"70":1,"71":2,"72":1,"73":1,"74":2,"75":2,"76":4,"77":2,"78":4,"79":2,"80":0,"81":2,"82":1},"f":{"0":6,"1":1,"2":5,"3":5,"4":5,"5":0,"6":1,"7":1,"8":2,"9":1,"10":1,"11":2,"12":2,"13":2,"14":4,"15":4,"16":1,"17":2,"18":1,"19":2,"20":4,"21":4},"b":{"0":[139,1211],"1":[159,1052],"2":[53,999],"3":[5,0],"4":[0,1],"5":[1,1],"6":[0,1],"7":[1,1],"8":[1,1],"9":[1,0],"10":[2,2],"11":[1,1],"12":[0,1],"13":[2,0],"14":[1,0],"15":[4,2],"16":[4,2],"17":[0,2],"18":[1,1]},"meta":{"lastBranch":19,"lastFunction":22,"lastStatement":83,"seen":{"s:17:26:17:Infinity":0,"s:18:27:18:Infinity":1,"s:20:20:36:Infinity":2,"f:20:20:20:21":0,"s:21:35:21:Infinity":3,"s:22:2:32:Infinity":4,"s:22:15:22:18":5,"s:23:4:23:Infinity":6,"s:24:4:31:Infinity":7,"s:24:17:24:20":8,"s:26:19:26:Infinity":9,"b:27:6:30:Infinity:27:38:30:Infinity":0,"s:27:6:30:Infinity":10,"s:27:22:27:Infinity":11,"b:27:38:30:Infinity:28:43:30:Infinity":1,"s:27:38:30:Infinity":12,"s:28:27:28:Infinity":13,"b:28:43:30:Infinity:30:11:30:Infinity":2,"s:28:43:30:Infinity":14,"s:29:28:29:Infinity":15,"s:30:11:30:Infinity":16,"s:34:2:34:Infinity":17,"s:35:2:35:Infinity":18,"s:38:13:203:Infinity":19,"f:38:66:38:67":1,"s:38:81:203:2":20,"f:52:14:52:15":2,"s:53:32:53:Infinity":21,"s:54:18:54:Infinity":22,"s:55:19:55:Infinity":23,"s:58:4:74:Infinity":24,"f:58:29:58:30":3,"s:59:6:73:Infinity":25,"s:77:4:93:Infinity":26,"f:77:29:77:30":4,"s:78:6:92:Infinity":27,"s:95:4:106:Infinity":28,"b:104:20:104:36:104:36:104:Infinity":3,"f:109:14:109:15":5,"s:109:26:109:Infinity":29,"f:111:12:111:13":6,"s:112:18:112:Infinity":30,"s:113:17:113:Infinity":31,"f:113:34:113:39":7,"s:113:39:113:54":32,"b:114:4:114:Infinity:undefined:undefined:undefined:undefined":4,"s:114:4:114:Infinity":33,"s:114:15:114:Infinity":34,"s:116:4:122:Infinity":35,"f:117:29:117:Infinity":8,"s:118:8:120:Infinity":36,"b:119:12:119:Infinity:120:12:120:Infinity":5,"f:125:14:125:15":9,"s:126:18:126:Infinity":37,"s:127:21:127:Infinity":38,"f:127:38:127:43":10,"s:127:43:127:66":39,"s:128:19:128:Infinity":40,"f:128:36:128:41":11,"s:128:41:128:62":41,"b:129:4:129:Infinity:undefined:undefined:undefined:undefined":6,"s:129:4:129:Infinity":42,"b:129:8:129:21:129:21:129:30":7,"s:129:30:129:Infinity":43,"s:133:24:133:Infinity":44,"s:134:27:134:Infinity":45,"s:135:19:135:Infinity":46,"s:138:26:138:Infinity":47,"s:140:21:148:Infinity":48,"f:140:37:140:42":12,"b:141:6:143:Infinity:undefined:undefined:undefined:undefined":8,"s:141:6:143:Infinity":49,"s:142:8:142:Infinity":50,"b:144:6:146:Infinity:undefined:undefined:undefined:undefined":9,"s:144:6:146:Infinity":51,"s:145:8:145:Infinity":52,"s:147:6:147:Infinity":53,"s:150:4:150:Infinity":54,"s:151:4:151:Infinity":55,"f:154:15:154:16":13,"s:155:18:155:Infinity":56,"s:156:21:158:Infinity":57,"f:156:37:156:Infinity":14,"s:157:6:157:Infinity":58,"b:157:24:157:60:157:60:157:Infinity":10,"s:161:21:161:Infinity":59,"f:161:35:161:40":15,"s:161:40:161:61":60,"b:163:4:169:Infinity:165:11:169:Infinity":11,"s:163:4:169:Infinity":61,"s:164:6:164:Infinity":62,"s:167:6:167:Infinity":63,"s:168:6:168:Infinity":64,"f:172:11:172:17":16,"s:173:18:173:Infinity":65,"s:174:19:174:Infinity":66,"b:175:4:178:Infinity:undefined:undefined:undefined:undefined":12,"s:175:4:178:Infinity":67,"s:176:6:176:Infinity":68,"s:177:6:177:Infinity":69,"s:180:23:183:Infinity":70,"f:180:39:180:45":17,"s:180:45:183:6":71,"b:182:30:182:52:182:52:182:Infinity":13,"s:185:4:189:Infinity":72,"b:188:20:188:71:188:71:188:Infinity":14,"f:188:36:188:41":18,"s:188:41:188:62":73,"f:192:18:192:24":19,"s:193:18:193:Infinity":74,"s:194:22:194:Infinity":75,"f:194:41:194:46":20,"s:194:46:194:94":76,"b:194:46:194:82:194:82:194:94":15,"s:195:22:195:Infinity":77,"f:195:41:195:46":21,"s:195:46:195:94":78,"b:195:46:195:82:195:82:195:94":16,"b:197:4:201:Infinity:199:4:201:Infinity":17,"s:197:4:201:Infinity":79,"s:198:6:198:Infinity":80,"b:199:4:201:Infinity:undefined:undefined:undefined:undefined":18,"s:199:4:201:Infinity":81,"s:200:6:200:Infinity":82}}}
,"/home/ec2-user/.openclaw/workspace/sangokushi-web/src/utils/hex.ts": {"path":"/home/ec2-user/.openclaw/workspace/sangokushi-web/src/utils/hex.ts","statementMap":{"0":{"start":{"line":13,"column":2},"end":{"line":17,"column":null}},"1":{"start":{"line":21,"column":2},"end":{"line":24,"column":null}},"2":{"start":{"line":28,"column":13},"end":{"line":28,"column":null}},"3":{"start":{"line":29,"column":13},"end":{"line":29,"column":null}},"4":{"start":{"line":30,"column":2},"end":{"line":30,"column":null}},"5":{"start":{"line":33,"column":37},"end":{"line":36,"column":null}},"6":{"start":{"line":39,"column":14},"end":{"line":39,"column":null}},"7":{"start":{"line":40,"column":2},"end":{"line":43,"column":null}},"8":{"start":{"line":47,"column":2},"end":{"line":50,"column":null}},"9":{"start":{"line":47,"column":36},"end":{"line":50,"column":4}},"10":{"start":{"line":55,"column":12},"end":{"line":55,"column":null}},"11":{"start":{"line":56,"column":12},"end":{"line":56,"column":null}},"12":{"start":{"line":57,"column":2},"end":{"line":57,"column":null}},"13":{"start":{"line":62,"column":13},"end":{"line":62,"column":null}},"14":{"start":{"line":63,"column":8},"end":{"line":63,"column":null}},"15":{"start":{"line":64,"column":2},"end":{"line":64,"column":null}},"16":{"start":{"line":68,"column":20},"end":{"line":68,"column":null}},"17":{"start":{"line":69,"column":11},"end":{"line":69,"column":null}},"18":{"start":{"line":70,"column":11},"end":{"line":70,"column":null}},"19":{"start":{"line":71,"column":11},"end":{"line":71,"column":null}},"20":{"start":{"line":73,"column":17},"end":{"line":73,"column":null}},"21":{"start":{"line":74,"column":17},"end":{"line":74,"column":null}},"22":{"start":{"line":75,"column":17},"end":{"line":75,"column":null}},"23":{"start":{"line":77,"column":2},"end":{"line":83,"column":null}},"24":{"start":{"line":78,"column":4},"end":{"line":78,"column":null}},"25":{"start":{"line":79,"column":2},"end":{"line":83,"column":null}},"26":{"start":{"line":80,"column":4},"end":{"line":80,"column":null}},"27":{"start":{"line":82,"column":4},"end":{"line":82,"column":null}},"28":{"start":{"line":85,"column":2},"end":{"line":85,"column":null}}},"fnMap":{"0":{"name":"axialToCube","decl":{"start":{"line":12,"column":16},"end":{"line":12,"column":28}},"loc":{"start":{"line":12,"column":44},"end":{"line":18,"column":null}},"line":12},"1":{"name":"cubeToAxial","decl":{"start":{"line":20,"column":16},"end":{"line":20,"column":28}},"loc":{"start":{"line":20,"column":45},"end":{"line":25,"column":null}},"line":20},"2":{"name":"getDistance","decl":{"start":{"line":27,"column":16},"end":{"line":27,"column":28}},"loc":{"start":{"line":27,"column":52},"end":{"line":31,"column":null}},"line":27},"3":{"name":"getNeighbor","decl":{"start":{"line":38,"column":16},"end":{"line":38,"column":28}},"loc":{"start":{"line":38,"column":62},"end":{"line":44,"column":null}},"line":38},"4":{"name":"getNeighbors","decl":{"start":{"line":46,"column":16},"end":{"line":46,"column":29}},"loc":{"start":{"line":46,"column":46},"end":{"line":51,"column":null}},"line":46},"5":{"name":"(anonymous_5)","decl":{"start":{"line":47,"column":28},"end":{"line":47,"column":36}},"loc":{"start":{"line":47,"column":36},"end":{"line":50,"column":4}},"line":47},"6":{"name":"hexToPixel","decl":{"start":{"line":54,"column":16},"end":{"line":54,"column":27}},"loc":{"start":{"line":54,"column":77},"end":{"line":58,"column":null}},"line":54},"7":{"name":"pixelToHex","decl":{"start":{"line":61,"column":16},"end":{"line":61,"column":27}},"loc":{"start":{"line":61,"column":68},"end":{"line":65,"column":null}},"line":61},"8":{"name":"roundHex","decl":{"start":{"line":67,"column":9},"end":{"line":67,"column":18}},"loc":{"start":{"line":67,"column":33},"end":{"line":86,"column":null}},"line":67}},"branchMap":{"0":{"loc":{"start":{"line":77,"column":2},"end":{"line":83,"column":null}},"type":"if","locations":[{"start":{"line":77,"column":2},"end":{"line":83,"column":null}},{"start":{"line":79,"column":2},"end":{"line":83,"column":null}}],"line":77},"1":{"loc":{"start":{"line":77,"column":6},"end":{"line":77,"column":42}},"type":"binary-expr","locations":[{"start":{"line":77,"column":6},"end":{"line":77,"column":25}},{"start":{"line":77,"column":25},"end":{"line":77,"column":42}}],"line":77},"2":{"loc":{"start":{"line":79,"column":2},"end":{"line":83,"column":null}},"type":"if","locations":[{"start":{"line":79,"column":2},"end":{"line":83,"column":null}},{"start":{"line":81,"column":9},"end":{"line":83,"column":null}}],"line":79}},"s":{"0":93,"1":3,"2":45,"3":45,"4":45,"5":3,"6":1,"7":1,"8":32,"9":192,"10":2,"11":2,"12":2,"13":2,"14":2,"15":2,"16":2,"17":2,"18":2,"19":2,"20":2,"21":2,"22":2,"23":2,"24":0,"25":2,"26":0,"27":2,"28":2},"f":{"0":93,"1":3,"2":45,"3":1,"4":32,"5":192,"6":2,"7":2,"8":2},"b":{"0":[0,2],"1":[2,1],"2":[0,2]},"meta":{"lastBranch":3,"lastFunction":9,"lastStatement":29,"seen":{"f:12:16:12:28":0,"s:13:2:17:Infinity":0,"f:20:16:20:28":1,"s:21:2:24:Infinity":1,"f:27:16:27:28":2,"s:28:13:28:Infinity":2,"s:29:13:29:Infinity":3,"s:30:2:30:Infinity":4,"s:33:37:36:Infinity":5,"f:38:16:38:28":3,"s:39:14:39:Infinity":6,"s:40:2:43:Infinity":7,"f:46:16:46:29":4,"s:47:2:50:Infinity":8,"f:47:28:47:36":5,"s:47:36:50:4":9,"f:54:16:54:27":6,"s:55:12:55:Infinity":10,"s:56:12:56:Infinity":11,"s:57:2:57:Infinity":12,"f:61:16:61:27":7,"s:62:13:62:Infinity":13,"s:63:8:63:Infinity":14,"s:64:2:64:Infinity":15,"f:67:9:67:18":8,"s:68:20:68:Infinity":16,"s:69:11:69:Infinity":17,"s:70:11:70:Infinity":18,"s:71:11:71:Infinity":19,"s:73:17:73:Infinity":20,"s:74:17:74:Infinity":21,"s:75:17:75:Infinity":22,"b:77:2:83:Infinity:79:2:83:Infinity":0,"s:77:2:83:Infinity":23,"b:77:6:77:25:77:25:77:42":1,"s:78:4:78:Infinity":24,"b:79:2:83:Infinity:81:9:83:Infinity":2,"s:79:2:83:Infinity":25,"s:80:4:80:Infinity":26,"s:82:4:82:Infinity":27,"s:85:2:85:Infinity":28}}}
,"/home/ec2-user/.openclaw/workspace/sangokushi-web/src/utils/pathfinding.ts": {"path":"/home/ec2-user/.openclaw/workspace/sangokushi-web/src/utils/pathfinding.ts","statementMap":{"0":{"start":{"line":4,"column":58},"end":{"line":12,"column":null}},"1":{"start":{"line":30,"column":30},"end":{"line":30,"column":null}},"2":{"start":{"line":31,"column":20},"end":{"line":31,"column":null}},"3":{"start":{"line":33,"column":30},"end":{"line":39,"column":null}},"4":{"start":{"line":41,"column":2},"end":{"line":41,"column":null}},"5":{"start":{"line":43,"column":2},"end":{"line":105,"column":null}},"6":{"start":{"line":45,"column":4},"end":{"line":45,"column":null}},"7":{"start":{"line":45,"column":27},"end":{"line":45,"column":36}},"8":{"start":{"line":46,"column":20},"end":{"line":46,"column":null}},"9":{"start":{"line":48,"column":4},"end":{"line":57,"column":null}},"10":{"start":{"line":50,"column":26},"end":{"line":50,"column":null}},"11":{"start":{"line":51,"column":34},"end":{"line":51,"column":null}},"12":{"start":{"line":52,"column":6},"end":{"line":55,"column":null}},"13":{"start":{"line":53,"column":8},"end":{"line":53,"column":null}},"14":{"start":{"line":54,"column":8},"end":{"line":54,"column":null}},"15":{"start":{"line":56,"column":6},"end":{"line":56,"column":null}},"16":{"start":{"line":59,"column":16},"end":{"line":59,"column":null}},"17":{"start":{"line":60,"column":4},"end":{"line":60,"column":null}},"18":{"start":{"line":62,"column":10},"end":{"line":62,"column":null}},"19":{"start":{"line":63,"column":4},"end":{"line":104,"column":null}},"20":{"start":{"line":69,"column":6},"end":{"line":69,"column":null}},"21":{"start":{"line":69,"column":73},"end":{"line":69,"column":null}},"22":{"start":{"line":71,"column":26},"end":{"line":71,"column":null}},"23":{"start":{"line":72,"column":6},"end":{"line":72,"column":null}},"24":{"start":{"line":72,"column":71},"end":{"line":72,"column":null}},"25":{"start":{"line":77,"column":19},"end":{"line":77,"column":null}},"26":{"start":{"line":78,"column":19},"end":{"line":78,"column":null}},"27":{"start":{"line":80,"column":21},"end":{"line":80,"column":null}},"28":{"start":{"line":81,"column":6},"end":{"line":85,"column":null}},"29":{"start":{"line":82,"column":8},"end":{"line":82,"column":null}},"30":{"start":{"line":84,"column":8},"end":{"line":84,"column":null}},"31":{"start":{"line":87,"column":21},"end":{"line":87,"column":null}},"32":{"start":{"line":88,"column":25},"end":{"line":88,"column":null}},"33":{"start":{"line":88,"column":43},"end":{"line":88,"column":91}},"34":{"start":{"line":90,"column":6},"end":{"line":103,"column":null}},"35":{"start":{"line":91,"column":8},"end":{"line":97,"column":null}},"36":{"start":{"line":98,"column":8},"end":{"line":98,"column":null}},"37":{"start":{"line":99,"column":6},"end":{"line":103,"column":null}},"38":{"start":{"line":100,"column":8},"end":{"line":100,"column":null}},"39":{"start":{"line":101,"column":8},"end":{"line":101,"column":null}},"40":{"start":{"line":102,"column":8},"end":{"line":102,"column":null}},"41":{"start":{"line":107,"column":2},"end":{"line":107,"column":null}},"42":{"start":{"line":118,"column":18},"end":{"line":118,"column":null}},"43":{"start":{"line":119,"column":46},"end":{"line":119,"column":null}},"44":{"start":{"line":120,"column":2},"end":{"line":120,"column":null}},"45":{"start":{"line":122,"column":2},"end":{"line":145,"column":null}},"46":{"start":{"line":123,"column":26},"end":{"line":123,"column":null}},"47":{"start":{"line":125,"column":10},"end":{"line":125,"column":null}},"48":{"start":{"line":126,"column":4},"end":{"line":144,"column":null}},"49":{"start":{"line":127,"column":19},"end":{"line":127,"column":null}},"50":{"start":{"line":128,"column":19},"end":{"line":128,"column":null}},"51":{"start":{"line":130,"column":6},"end":{"line":130,"column":null}},"52":{"start":{"line":130,"column":50},"end":{"line":130,"column":null}},"53":{"start":{"line":132,"column":26},"end":{"line":132,"column":null}},"54":{"start":{"line":133,"column":6},"end":{"line":133,"column":null}},"55":{"start":{"line":133,"column":41},"end":{"line":133,"column":null}},"56":{"start":{"line":135,"column":23},"end":{"line":135,"column":null}},"57":{"start":{"line":136,"column":24},"end":{"line":136,"column":null}},"58":{"start":{"line":138,"column":6},"end":{"line":143,"column":null}},"59":{"start":{"line":139,"column":8},"end":{"line":142,"column":null}},"60":{"start":{"line":140,"column":10},"end":{"line":140,"column":null}},"61":{"start":{"line":141,"column":10},"end":{"line":141,"column":null}},"62":{"start":{"line":147,"column":2},"end":{"line":147,"column":null}}},"fnMap":{"0":{"name":"findPath","decl":{"start":{"line":22,"column":16},"end":{"line":22,"column":null}},"loc":{"start":{"line":29,"column":16},"end":{"line":108,"column":null}},"line":29},"1":{"name":"(anonymous_1)","decl":{"start":{"line":45,"column":17},"end":{"line":45,"column":18}},"loc":{"start":{"line":45,"column":27},"end":{"line":45,"column":36}},"line":45},"2":{"name":"(anonymous_2)","decl":{"start":{"line":88,"column":38},"end":{"line":88,"column":43}},"loc":{"start":{"line":88,"column":43},"end":{"line":88,"column":91}},"line":88},"3":{"name":"getMoveRange","decl":{"start":{"line":110,"column":16},"end":{"line":110,"column":null}},"loc":{"start":{"line":117,"column":23},"end":{"line":148,"column":null}},"line":117}},"branchMap":{"0":{"loc":{"start":{"line":48,"column":4},"end":{"line":57,"column":null}},"type":"if","locations":[{"start":{"line":48,"column":4},"end":{"line":57,"column":null}},{"start":{},"end":{}}],"line":48},"1":{"loc":{"start":{"line":48,"column":8},"end":{"line":48,"column":60}},"type":"binary-expr","locations":[{"start":{"line":48,"column":8},"end":{"line":48,"column":35}},{"start":{"line":48,"column":35},"end":{"line":48,"column":60}}],"line":48},"2":{"loc":{"start":{"line":69,"column":6},"end":{"line":69,"column":null}},"type":"if","locations":[{"start":{"line":69,"column":6},"end":{"line":69,"column":null}},{"start":{},"end":{}}],"line":69},"3":{"loc":{"start":{"line":69,"column":10},"end":{"line":69,"column":73}},"type":"binary-expr","locations":[{"start":{"line":69,"column":10},"end":{"line":69,"column":42}},{"start":{"line":69,"column":42},"end":{"line":69,"column":73}}],"line":69},"4":{"loc":{"start":{"line":72,"column":6},"end":{"line":72,"column":null}},"type":"if","locations":[{"start":{"line":72,"column":6},"end":{"line":72,"column":null}},{"start":{},"end":{}}],"line":72},"5":{"loc":{"start":{"line":72,"column":10},"end":{"line":72,"column":71}},"type":"binary-expr","locations":[{"start":{"line":72,"column":10},"end":{"line":72,"column":40}},{"start":{"line":72,"column":40},"end":{"line":72,"column":71}}],"line":72},"6":{"loc":{"start":{"line":81,"column":6},"end":{"line":85,"column":null}},"type":"if","locations":[{"start":{"line":81,"column":6},"end":{"line":85,"column":null}},{"start":{"line":83,"column":13},"end":{"line":85,"column":null}}],"line":81},"7":{"loc":{"start":{"line":81,"column":10},"end":{"line":81,"column":48}},"type":"binary-expr","locations":[{"start":{"line":81,"column":10},"end":{"line":81,"column":27}},{"start":{"line":81,"column":27},"end":{"line":81,"column":48}}],"line":81},"8":{"loc":{"start":{"line":88,"column":43},"end":{"line":88,"column":91}},"type":"binary-expr","locations":[{"start":{"line":88,"column":43},"end":{"line":88,"column":69}},{"start":{"line":88,"column":69},"end":{"line":88,"column":91}}],"line":88},"9":{"loc":{"start":{"line":90,"column":6},"end":{"line":103,"column":null}},"type":"if","locations":[{"start":{"line":90,"column":6},"end":{"line":103,"column":null}},{"start":{"line":99,"column":6},"end":{"line":103,"column":null}}],"line":90},"10":{"loc":{"start":{"line":99,"column":6},"end":{"line":103,"column":null}},"type":"if","locations":[{"start":{"line":99,"column":6},"end":{"line":103,"column":null}},{"start":{},"end":{}}],"line":99},"11":{"loc":{"start":{"line":130,"column":6},"end":{"line":130,"column":null}},"type":"if","locations":[{"start":{"line":130,"column":6},"end":{"line":130,"column":null}},{"start":{},"end":{}}],"line":130},"12":{"loc":{"start":{"line":130,"column":10},"end":{"line":130,"column":50}},"type":"binary-expr","locations":[{"start":{"line":130,"column":10},"end":{"line":130,"column":28}},{"start":{"line":130,"column":28},"end":{"line":130,"column":50}}],"line":130},"13":{"loc":{"start":{"line":133,"column":6},"end":{"line":133,"column":null}},"type":"if","locations":[{"start":{"line":133,"column":6},"end":{"line":133,"column":null}},{"start":{},"end":{}}],"line":133},"14":{"loc":{"start":{"line":138,"column":6},"end":{"line":143,"column":null}},"type":"if","locations":[{"start":{"line":138,"column":6},"end":{"line":143,"column":null}},{"start":{},"end":{}}],"line":138},"15":{"loc":{"start":{"line":139,"column":8},"end":{"line":142,"column":null}},"type":"if","locations":[{"start":{"line":139,"column":8},"end":{"line":142,"column":null}},{"start":{},"end":{}}],"line":139},"16":{"loc":{"start":{"line":139,"column":12},"end":{"line":139,"column":80}},"type":"binary-expr","locations":[{"start":{"line":139,"column":12},"end":{"line":139,"column":41}},{"start":{"line":139,"column":41},"end":{"line":139,"column":80}}],"line":139}},"s":{"0":2,"1":2,"2":2,"3":2,"4":2,"5":2,"6":7,"7":50,"8":7,"9":7,"10":2,"11":2,"12":2,"13":7,"14":7,"15":2,"16":5,"17":5,"18":5,"19":5,"20":30,"21":0,"22":30,"23":30,"24":7,"25":23,"26":23,"27":23,"28":23,"29":23,"30":0,"31":23,"32":23,"33":79,"34":23,"35":19,"36":19,"37":4,"38":0,"39":0,"40":0,"41":0,"42":2,"43":2,"44":2,"45":2,"46":26,"47":26,"48":26,"49":156,"50":156,"51":156,"52":0,"53":156,"54":156,"55":0,"56":156,"57":156,"58":156,"59":48,"60":24,"61":24,"62":2},"f":{"0":2,"1":50,"2":79,"3":2},"b":{"0":[2,5],"1":[7,2],"2":[0,30],"3":[30,30],"4":[7,23],"5":[30,27],"6":[23,0],"7":[23,23],"8":[79,17],"9":[19,4],"10":[0,4],"11":[0,156],"12":[156,156],"13":[0,156],"14":[48,108],"15":[24,24],"16":[48,24]},"meta":{"lastBranch":17,"lastFunction":4,"lastStatement":63,"seen":{"s:4:58:12:Infinity":0,"f:22:16:22:Infinity":0,"s:30:30:30:Infinity":1,"s:31:20:31:Infinity":2,"s:33:30:39:Infinity":3,"s:41:2:41:Infinity":4,"s:43:2:105:Infinity":5,"s:45:4:45:Infinity":6,"f:45:17:45:18":1,"s:45:27:45:36":7,"s:46:20:46:Infinity":8,"b:48:4:57:Infinity:undefined:undefined:undefined:undefined":0,"s:48:4:57:Infinity":9,"b:48:8:48:35:48:35:48:60":1,"s:50:26:50:Infinity":10,"s:51:34:51:Infinity":11,"s:52:6:55:Infinity":12,"s:53:8:53:Infinity":13,"s:54:8:54:Infinity":14,"s:56:6:56:Infinity":15,"s:59:16:59:Infinity":16,"s:60:4:60:Infinity":17,"s:62:10:62:Infinity":18,"s:63:4:104:Infinity":19,"b:69:6:69:Infinity:undefined:undefined:undefined:undefined":2,"s:69:6:69:Infinity":20,"b:69:10:69:42:69:42:69:73":3,"s:69:73:69:Infinity":21,"s:71:26:71:Infinity":22,"b:72:6:72:Infinity:undefined:undefined:undefined:undefined":4,"s:72:6:72:Infinity":23,"b:72:10:72:40:72:40:72:71":5,"s:72:71:72:Infinity":24,"s:77:19:77:Infinity":25,"s:78:19:78:Infinity":26,"s:80:21:80:Infinity":27,"b:81:6:85:Infinity:83:13:85:Infinity":6,"s:81:6:85:Infinity":28,"b:81:10:81:27:81:27:81:48":7,"s:82:8:82:Infinity":29,"s:84:8:84:Infinity":30,"s:87:21:87:Infinity":31,"s:88:25:88:Infinity":32,"f:88:38:88:43":2,"s:88:43:88:91":33,"b:88:43:88:69:88:69:88:91":8,"b:90:6:103:Infinity:99:6:103:Infinity":9,"s:90:6:103:Infinity":34,"s:91:8:97:Infinity":35,"s:98:8:98:Infinity":36,"b:99:6:103:Infinity:undefined:undefined:undefined:undefined":10,"s:99:6:103:Infinity":37,"s:100:8:100:Infinity":38,"s:101:8:101:Infinity":39,"s:102:8:102:Infinity":40,"s:107:2:107:Infinity":41,"f:110:16:110:Infinity":3,"s:118:18:118:Infinity":42,"s:119:46:119:Infinity":43,"s:120:2:120:Infinity":44,"s:122:2:145:Infinity":45,"s:123:26:123:Infinity":46,"s:125:10:125:Infinity":47,"s:126:4:144:Infinity":48,"s:127:19:127:Infinity":49,"s:128:19:128:Infinity":50,"b:130:6:130:Infinity:undefined:undefined:undefined:undefined":11,"s:130:6:130:Infinity":51,"b:130:10:130:28:130:28:130:50":12,"s:130:50:130:Infinity":52,"s:132:26:132:Infinity":53,"b:133:6:133:Infinity:undefined:undefined:undefined:undefined":13,"s:133:6:133:Infinity":54,"s:133:41:133:Infinity":55,"s:135:23:135:Infinity":56,"s:136:24:136:Infinity":57,"b:138:6:143:Infinity:undefined:undefined:undefined:undefined":14,"s:138:6:143:Infinity":58,"b:139:8:142:Infinity:undefined:undefined:undefined:undefined":15,"s:139:8:142:Infinity":59,"b:139:12:139:41:139:41:139:80":16,"s:140:10:140:Infinity":60,"s:141:10:141:Infinity":61,"s:147:2:147:Infinity":62}}}
}
